

                                                                      Page 1
ispLEVER Classic 1.7.00.05.28.13  -  Device Utilization Chart         Thu Feb 28 15:24:28 2019



--------------------------------------------------------------------------------

Module                   : 'lab7_dorm'

--------------------------------------------------------------------------------

Input files:

    ABEL PLA file        : lab7.tt3
    Device library       : P22V10G.dev

Output files:

    Report file          : lab7.rpt
    Programmer load file : lab7.jed

--------------------------------------------------------------------------------


                                                                      Page 2
ispLEVER Classic 1.7.00.05.28.13  -  Device Utilization Chart         Thu Feb 28 15:24:28 2019

P22V10G Programmed Logic:
--------------------------------------------------------------------------------



Y_0_     = (  !I_0_ 
            #   !S & I_1_ & !I_2_ & !I_3_ & !I_5_ & !I_6_ 
            #   !S & I_4_ & !I_5_ & !I_6_ );

DP     = (0);
DP.OE  = (0);

Y_1_     = (  I_0_ & !S & I_5_ 
            #   I_0_ & !S & I_6_ );

Y_2_     = (  I_0_ & !S & I_2_ & !I_3_ & !I_4_ & !I_5_ & !I_6_ );

Y_3_     = (  I_0_ & S 
            #   I_0_ & !I_2_ & !I_3_ & !I_5_ & !I_6_ 
            #   I_0_ & I_4_ & !I_5_ & !I_6_ );

Y_4_     = !(  !I_0_ 
            #   !S & !I_1_ & !I_3_ & !I_4_ & !I_5_ 
            #   !S & I_2_ & !I_3_ & !I_4_ & !I_5_ 
            #   !S & I_6_ );

Y_5_     = (  I_0_ & S 
            #   I_0_ & I_1_ & !I_4_ & !I_5_ & !I_6_ 
            #   I_0_ & I_2_ & !I_4_ & !I_5_ & !I_6_ 
            #   I_0_ & I_3_ & !I_4_ & !I_5_ & !I_6_ );

Y_6_     = (  !I_0_ 
            #   S 
            #   I_1_ & !I_2_ & !I_3_ & !I_4_ & !I_5_ & !I_6_ );



                                                                      Page 3
ispLEVER Classic 1.7.00.05.28.13  -  Device Utilization Chart         Thu Feb 28 15:24:28 2019

P22V10G Chip Diagram:
--------------------------------------------------------------------------------




                                   P22V10G

                         +---------\       /---------+
                         |          \     /          |
                         |           -----           |
                    I_0_ |  1                    24  | Vcc                     
                         |                           |
                       S |  2                    23  | Y_6_                    
                         |                           |
                    I_1_ |  3                    22  | !Y_4_                   
                         |                           |
                    I_2_ |  4                    21  | Y_2_                    
                         |                           |
                    I_3_ |  5                    20  | DP                      
                         |                           |
                    I_4_ |  6                    19  |                         
                         |                           |
                    I_5_ |  7                    18  |                         
                         |                           |
                    I_6_ |  8                    17  | Y_0_                    
                         |                           |
                         |  9                    16  | Y_1_                    
                         |                           |
                         | 10                    15  | Y_3_                    
                         |                           |
                         | 11                    14  | Y_5_                    
                         |                           |
                     GND | 12                    13  |                         
                         |                           |
                         |                           |
                         `---------------------------'

                        SIGNATURE: N/A


                                                                      Page 4
ispLEVER Classic 1.7.00.05.28.13  -  Device Utilization Chart         Thu Feb 28 15:24:28 2019

P22V10G Resource Allocations:
--------------------------------------------------------------------------------



        Device        | Resource  |   Design    |
       Resources      | Available | Requirement | Unused
======================|===========|=============|==============
                      |           |             |
Input Pins:           |           |             |
                      |           |             |
          Input:      |     12    |      8      |    4 ( 33 %)
                      |           |             |
Output Pins:          |           |             |
                      |           |             |
          In/Out:     |     10    |      8      |    2 ( 20 %)
          Output:     |      -    |      -      |    -
                      |           |             |
Buried Nodes:         |           |             |
                      |           |             |
          Input Reg:  |      -    |      -      |    -
          Pin Reg:    |     10    |      0      |   10 (100 %)
          Buried Reg: |      -    |      -      |    -


                                                                      Page 5
ispLEVER Classic 1.7.00.05.28.13  -  Device Utilization Chart         Thu Feb 28 15:24:28 2019

P22V10G Product Terms Distribution:
--------------------------------------------------------------------------------



            Signal                       |    Pin   | Terms | Terms | Terms
             Name                        | Assigned | Used  |  Max  | Unused
=========================================|==========|=======|=======|=======
Y_0_                                     |   17     |   3   |  14   |  11
DP                                       |   20     |   0   |  14   |  14
Y_1_                                     |   16     |   2   |  12   |  10
Y_2_                                     |   21     |   1   |  12   |  11
Y_3_                                     |   15     |   3   |  10   |   7
Y_4_                                     |   22     |   4   |  10   |   6
Y_5_                                     |   14     |   4   |   8   |   4
Y_6_                                     |   23     |   3   |   8   |   5


     ==== List of Inputs/Feedbacks ====

Signal Name                              | Pin      | Pin Type
=========================================|==========|=========
I_0_                                     |    1     | CLK/IN
S                                        |    2     | INPUT
I_1_                                     |    3     | INPUT
I_2_                                     |    4     | INPUT
I_3_                                     |    5     | INPUT
I_4_                                     |    6     | INPUT
I_5_                                     |    7     | INPUT
I_6_                                     |    8     | INPUT


                                                                      Page 6
ispLEVER Classic 1.7.00.05.28.13  -  Device Utilization Chart         Thu Feb 28 15:24:28 2019

P22V10G Unused Resources:
--------------------------------------------------------------------------------



 Pin   |  Pin   |   Product   | Flip-flop
Number |  Type  |   Terms     |   Type
=======|========|=============|==========
    9  |  INPUT |      -      |    -   
   10  |  INPUT |      -      |    -   
   11  |  INPUT |      -      |    -   
   13  |  INPUT |      -      |    -   
   18  |  BIDIR | NORMAL 16   |    D
   19  |  BIDIR | NORMAL 16   |    D
