Running in Lattice mode


Starting:    C:\ispLEVER_Classic1_7\synpbase\win64\mbin\synbatch.exe
Install:     C:\ispLEVER_Classic1_7\synpbase
Date:        Thu Feb 28 14:59:56 2019
Version:     G-2012.09LC-SP1 

Arguments:   -product synplify_pro  -batch u:/desktop/lab7\Lab7.prj
ProductType: synplify_pro






log file: "U:\desktop\lab7\Lab7.srr"

Running Lab7|lab7
Running Compile on Lab7|lab7
Running Compile Process on Lab7|lab7
Running Compile Input on Lab7|lab7
Copied U:\desktop\lab7\synwork\Lab7_compiler.srs to U:\desktop\lab7\Lab7.srs
compiler Completed
Return Code: 0
Run Time:0h:00m:04s

Copied U:\desktop\lab7\Lab7.srr to U:\desktop\lab7\lab7.srf
Job Compile Process completed on Lab7|lab7
Job Compile completed on Lab7|lab7
Running Map on Lab7|lab7
Running Map & Optimize on Lab7|lab7
fpga_mapper Completed
Return Code: 0
Run Time:0h:00m:03s

Job Map completed on Lab7|lab7
Copied U:\desktop\lab7\Lab7.srr to U:\desktop\lab7\lab7.srf
Job Logic Synthesis completed on Lab7|lab7


exit status=0


