|--------------------------------------------------------------|
|- ispLEVER Classic 1.7.00.05.28.13 Fitter Report File        -|
|- Copyright(C), 1992-2012, Lattice Semiconductor Corporation -|
|- All Rights Reserved.                                       -|
|--------------------------------------------------------------|




The Basic/Detailed Report Format can be selected in the dialog box
Tools->Fitter Report File Format...

Project_Summary
~~~~~~~~~~~~~~~
Project Name         :  pracpractice
Project Path         :  W:\My Documents\ECE 270\LabPrac
Project Fitted on    :  Sun Apr 21 15:14:19 2019

Device               :  M4256_96
Package              :  144
GLB Input Mux Size   :  33
Available Blocks     :  16
Speed                :  -5.8
Part Number          :  LC4256ZE-5TN144C
Source Format        :  Pure_Verilog_HDL


// Project 'pracpractice' Fit Successfully! //


Compilation_Times
~~~~~~~~~~~~~~~~~
Prefit Time                     0 secs
Load Design Time                0.05 secs
Partition Time                  0.02 secs
Place Time                      0.00 secs
Route Time                      0.00 secs
Total Fit Time                  00:00:01


Design_Summary
~~~~~~~~~~~~~~
Total Input Pins                12
Total Logic Functions           77
  Total Output Pins             58
  Total Bidir I/O Pins          0
  Total Buried Nodes            19
Total Flip-Flops                35
  Total D Flip-Flops            35
  Total T Flip-Flops            0
  Total Latches                 0
Total Product Terms             254

Total Reserved Pins             0
Total Locked Pins               70
Total Locked Nodes              0

Total Unique Output Enables     0
Total Unique Clocks             3
Total Unique Clock Enables      2
Total Unique Resets             5
Total Unique Presets            5

Fmax Logic Levels               1


Device_Resource_Summary
~~~~~~~~~~~~~~~~~~~~~~~
                                 Device
                                 Total    Used   Not Used   Utilization
-----------------------------------------------------------------------
Dedicated Pins
  Clock/Input Pins                  4        0      4    -->     0
  Input-Only Pins                  10        0     10    -->     0
  I/O / Enable Pins                 2        2      0    -->   100
I/O Pins                           94       68     26    -->    72
Logic Functions                   256       77    179    -->    30
  Input Registers                  96        0     96    -->     0

GLB Inputs                        576      118    458    -->    20
Logical Product Terms            1280      213   1067    -->    16
Occupied GLBs                      16       14      2    -->    87
Macrocells                        256       77    179    -->    30

Control Product Terms:
  GLB Clock/Clock Enables          16       13      3    -->    81
  GLB Reset/Presets                16        0     16    -->     0
  Macrocell Clocks                256        2    254    -->     0
  Macrocell Clock Enables         256       23    233    -->     8
  Macrocell Enables               256        0    256    -->     0
  Macrocell Resets                256        3    253    -->     1
  Macrocell Presets               256        2    254    -->     0

Global Routing Pool               356       31    325    -->     8
  GRP from IFB                     ..       12     ..    -->    ..
    (from input signals)           ..       12     ..    -->    ..
    (from output signals)          ..        0     ..    -->    ..
    (from bidir signals)           ..        0     ..    -->    ..
  GRP from MFB                     ..       19     ..    -->    ..
----------------------------------------------------------------------

<Note> 1 : The available PT is the product term that has not been used.
<Note> 2 : IFB is I/O feedback.
<Note> 3 : MFB is macrocell feedback.



GLB_Resource_Summary
~~~~~~~~~~~~~~~~~~~~
                                                                                     # of PT
               ---  Fanin  ---    I/O    Input  Macrocells       Macrocells   Logic  clusters
             Unique Shared Total  Pins    Regs Used Inaccessible  available    PTs   used
-------------------------------------------------------------------------------------------
Maximum
  GLB                      36      *(1)     8   --     --             16       80       16
-------------------------------------------------------------------------------------------
  GLB    A      9     0     9      5/6      0    7      0              9       19        9
  GLB    B     11     0    11      6/6      0    7      3              6       36       12
  GLB    C      0     0     0      0/6      0    0      0             16        0        0
  GLB    D      0     0     0      0/6      0    0      0             16        0        0
-------------------------------------------------------------------------------------------
  GLB    E      2     4     6      4/6      0    2      0             14        5        2
  GLB    F      4     4     8      6/6      0    6      0             10        8        6
  GLB    G      1     4     5      3/6      0    4      0             12        6        4
  GLB    H      8     0     8      6/6      0    7      0              9       14        8
-------------------------------------------------------------------------------------------
  GLB    I      0     4     4      6/6      0    4      0             12       10        4
  GLB    J     11     0    11      0/6      0    1      2             13       21        5
  GLB    K     11     2    13      6/6      0    3      1             12       25        7
  GLB    L      5     5    10      6/6      0    7      0              9       15        8
-------------------------------------------------------------------------------------------
  GLB    M      0     7     7      6/6      0    8      0              8       14        8
  GLB    N      4     7    11      6/6      0    8      0              8       13        8
  GLB    O      0     7     7      3/6      0    5      0             11       11        5
  GLB    P      1     7     8      5/6      0    8      0              8       16        8
-------------------------------------------------------------------------------------------
TOTALS:        67    51   118     68/96     0   77      6            173      213       94

<Note> 1 : For ispMACH 4000 devices, the number of IOs depends on the GLB.
<Note> 2 : Four rightmost columns above reflect last status of the placement process.



GLB_Control_Summary
~~~~~~~~~~~~~~~~~~~
           Shared Shared | Mcell  Mcell  Mcell  Mcell  Mcell 
           Clk/CE Rst/Pr | Clock  CE     Enable Reset  Preset
------------------------------------------------------------------------------
Maximum
  GLB        1      1        16     16     16     16     16  
==============================================================================
  GLB    A   1      0         0      0      0      0      0
  GLB    B   1      0         0      0      0      0      0
  GLB    C   0      0         0      0      0      0      0
  GLB    D   0      0         0      0      0      0      0
------------------------------------------------------------------------------
  GLB    E   1      0         0      2      0      0      0
  GLB    F   0      0         0      0      0      0      0
  GLB    G   1      0         0      0      0      0      0
  GLB    H   1      0         0      0      0      0      0
------------------------------------------------------------------------------
  GLB    I   1      0         2      0      0      2      2
  GLB    J   1      0         0      0      0      0      0
  GLB    K   1      0         0      1      0      0      0
  GLB    L   1      0         0      4      0      1      0
------------------------------------------------------------------------------
  GLB    M   1      0         0      5      0      0      0
  GLB    N   1      0         0      2      0      0      0
  GLB    O   1      0         0      3      0      0      0
  GLB    P   1      0         0      6      0      0      0
------------------------------------------------------------------------------

<Note> 1 : For ispMACH 4000 devices, the number of output enables depends on the GLB.



Optimizer_and_Fitter_Options
~~~~~~~~~~~~~~~~~~~~~~~~~~~~
Pin Assignment :                       Yes
Group Assignment :                     No
Pin Reservation :                      No

@Ignore_Project_Constraints :
  Pin Assignments :                    No
      Keep Block Assignment            --
      Keep Segment Assignment          --
  Group Assignments :                  No
  Macrocell Assignment :               No
      Keep Block Assignment            --
      Keep Segment Assignment          --

@Backannotate_Project_Constraints
  Pin Assignments :                    No
  Pin And Block Assignments :          No
  Pin, Macrocell and Block :           No

@Timing_Constraints :                  No

@Global_Project_Optimization :
  Balanced Partitioning :              Yes
  Spread Placement :                   Yes

  Note :
    Pack Design :
       Balanced Partitioning = No
       Spread Placement      = No
    Spread Design :
       Balanced Partitioning = Yes
       Spread Placement      = Yes


@Logic_Synthesis :
  Logic Reduction :                    Yes
  Node Collapsing :                    FMAX
  Fmax_Logic_Level :                   1
  D/T Synthesis :                      Yes
  XOR Synthesis :                      Yes
  Max. P-Term for Collapsing :         16
  Max. P-Term for Splitting :          80
  Max Symbols :                        24

@Utilization_options
  Max. % of Macrocells used :          100
@User_Signature                        
@IO_Types                              Default = LVCMOS18 (2)
@Output_Slew_Rate                      Default = FAST (2)
@Power                                 Default = HIGH (2)
@Pull                                  Default = PULLUP_DOWN (2)
@Input_Registers                       Default = None (2)
@Register_Powerup                      Default = None

Device Options:
<Note> 1 : Reserved unused I/Os can be independently driven to Low or High, and does not
           follow the drive level set for the Global Configure Unused I/O Option.
<Note> 2 : For user-specified constraints on individual signals, refer to the Output,
           Bidir and Buried Signal Lists.



Pinout_Listing
~~~~~~~~~~~~~~
      | Pin   | Bank |GLB |Assigned|                 | Signal|            | PG
Pin No| Type  |Number|Pad |Pin     |     I/O Type    | Type  | Signal name| Enable
----------------------------------------------------------------------------------
1     | GND   |   -  |    |        |                 |       |            |
2     | TDI   |   -  |    |        |                 |       |            |
3     |VCCIO0 |   -  |    |        |                 |       |            |
4     |  I_O  |   0  |C12 |        |                 |       |            |
5     |  I_O  |   0  |C10 |        |                 |       |            |
6     |  I_O  |   0  |C8  |        |                 |       |            |
7     |  I_O  |   0  |C6  |        |                 |       |            |
8     |  I_O  |   0  |C4  |        |                 |       |            |
9     |  I_O  |   0  |C2  |        |                 |       |            |
10    |GNDIO0 |   -  |    |        |                 |       |            |
11    |  I_O  |   0  |D14 |        |                 |       |            |
12    |  I_O  |   0  |D12 |        |                 |       |            |
13    |  I_O  |   0  |D10 |        |                 |       |            |
14    |  I_O  |   0  |D8  |        |                 |       |            |
15    |  I_O  |   0  |D6  |        |                 |       |            |
16    |  I_O  |   0  |D4  |        |                 |       |            |
17    | IN0   |   0  |    |        |                 |       |            |
18    | NC    |   -  |    |        |                 |       |            |
19    |VCCIO0 |   -  |    |        |                 |       |            |
20    | IN1   |   0  |    |        |                 |       |            |
21    |  I_O  |   0  |E2  |        |                 |       |            |
22    |  I_O  |   0  |E4  |        |                 |       |            |
23    |  I_O  |   0  |E6  |    *   |LVCMOS18         | Input |DIP_4_      |
24    |  I_O  |   0  |E8  |    *   |LVCMOS18         | Input |DIP_5_      |
25    |  I_O  |   0  |E10 |    *   |LVCMOS18         | Input |DIP_6_      |
26    |  I_O  |   0  |E12 |    *   |LVCMOS18         | Input |DIP_7_      |
27    |GNDIO0 |   -  |    |        |                 |       |            |
28    |  I_O  |   0  |F2  |    *   |LVCMOS18         | Output|o_TOPRED_7_ |
29    |  I_O  |   0  |F4  |    *   |LVCMOS18         | Output|o_TOPRED_6_ |
30    |  I_O  |   0  |F6  |    *   |LVCMOS18         | Output|o_TOPRED_5_ |
31    |  I_O  |   0  |F8  |    *   |LVCMOS18         | Output|o_TOPRED_4_ |
32    |  I_O  |   0  |F10 |    *   |LVCMOS18         | Output|o_TOPRED_3_ |
33    |  I_O  |   0  |F12 |    *   |LVCMOS18         | Output|o_TOPRED_2_ |
34    |VCCIO0 |   -  |    |        |                 |       |            |
35    | TCK   |   -  |    |        |                 |       |            |
36    | VCC   |   -  |    |        |                 |       |            |
37    | GND   |   -  |    |        |                 |       |            |
38    | IN2   |   0  |    |        |                 |       |            |
39    |  I_O  |   0  |G12 |    *   |LVCMOS18         | Output|o_TOPRED_1_ |
40    |  I_O  |   0  |G10 |    *   |LVCMOS18         | Output|o_TOPRED_0_ |
41    |  I_O  |   0  |G8  |        |                 |       |            |
42    |  I_O  |   0  |G6  |        |                 |       |            |
43    |  I_O  |   0  |G4  |        |                 |       |            |
44    |  I_O  |   0  |G2  |    *   |LVCMOS18         | Output|o_DIS4_6_   |
45    | IN3   |   0  |    |        |                 |       |            |
46    |GNDIO0 |   -  |    |        |                 |       |            |
47    |VCCIO0 |   -  |    |        |                 |       |            |
48    |  I_O  |   0  |H12 |    *   |LVCMOS18         | Output|o_DIS4_5_   |
49    |  I_O  |   0  |H10 |    *   |LVCMOS18         | Output|o_DIS4_4_   |
50    |  I_O  |   0  |H8  |    *   |LVCMOS18         | Output|o_DIS4_3_   |
51    |  I_O  |   0  |H6  |    *   |LVCMOS18         | Output|o_DIS4_2_   |
52    |  I_O  |   0  |H4  |    *   |LVCMOS18         | Output|o_DIS4_1_   |
53    |  I_O  |   0  |H2  |    *   |LVCMOS18         | Output|o_DIS4_0_   |
54    |INCLK1 |   0  |    |        |                 |       |            |
55    |GNDIO1 |   -  |    |        |                 |       |            |
56    |INCLK2 |   1  |    |        |                 |       |            |
57    | VCC   |   -  |    |        |                 |       |            |
58    |  I_O  |   1  |I2  |    *   |LVCMOS18         | Input |i_S1_NC     |
59    |  I_O  |   1  |I4  |    *   |LVCMOS18         | Input |i_S1_NO     |
60    |  I_O  |   1  |I6  |    *   |LVCMOS18         | Input |i_S2_NC     |
61    |  I_O  |   1  |I8  |    *   |LVCMOS18         | Input |i_S2_NO     |
62    |  I_O  |   1  |I10 |    *   |LVCMOS18         | Output|o_YEL_0_    |
63    |  I_O  |   1  |I12 |    *   |LVCMOS18         | Output|o_YEL_1_    |
64    |VCCIO1 |   -  |    |        |                 |       |            |
65    |GNDIO1 |   -  |    |        |                 |       |            |
66    |  I_O  |   1  |J2  |        |                 |       |            |
67    |  I_O  |   1  |J4  |        |                 |       |            |
68    |  I_O  |   1  |J6  |        |                 |       |            |
69    |  I_O  |   1  |J8  |        |                 |       |            |
70    |  I_O  |   1  |J10 |        |                 |       |            |
71    |  I_O  |   1  |J12 |        |                 |       |            |
72    | IN4   |   0  |    |        |                 |       |            |
73    | GND   |   -  |    |        |                 |       |            |
74    | TMS   |   -  |    |        |                 |       |            |
75    |VCCIO1 |   -  |    |        |                 |       |            |
76    |  I_O  |   1  |K12 |    *   |LVCMOS18         | Input |DIP_3_      |
77    |  I_O  |   1  |K10 |    *   |LVCMOS18         | Input |DIP_2_      |
78    |  I_O  |   1  |K8  |    *   |LVCMOS18         | Input |DIP_1_      |
79    |  I_O  |   1  |K6  |    *   |LVCMOS18         | Input |DIP_0_      |
80    |  I_O  |   1  |K4  |    *   |LVCMOS18         | Output|o_DIS1_0_   |
81    |  I_O  |   1  |K2  |    *   |LVCMOS18         | Output|o_DIS1_1_   |
82    |GNDIO1 |   -  |    |        |                 |       |            |
83    |  I_O  |   1  |L14 |    *   |LVCMOS18         | Output|o_DIS1_2_   |
84    |  I_O  |   1  |L12 |    *   |LVCMOS18         | Output|o_DIS1_3_   |
85    |  I_O  |   1  |L10 |    *   |LVCMOS18         | Output|o_DIS1_4_   |
86    |  I_O  |   1  |L8  |    *   |LVCMOS18         | Output|o_DIS1_5_   |
87    |  I_O  |   1  |L6  |    *   |LVCMOS18         | Output|o_DIS1_6_   |
88    |  I_O  |   1  |L4  |    *   |LVCMOS18         | Output|o_DIS2_0_   |
89    | IN5   |   1  |    |        |                 |       |            |
90    | NC    |   -  |    |        |                 |       |            |
91    |VCCIO1 |   -  |    |        |                 |       |            |
92    | IN6   |   1  |    |        |                 |       |            |
93    |  I_O  |   1  |M2  |    *   |LVCMOS18         | Output|o_DIS2_1_   |
94    |  I_O  |   1  |M4  |    *   |LVCMOS18         | Output|o_DIS2_2_   |
95    |  I_O  |   1  |M6  |    *   |LVCMOS18         | Output|o_DIS2_3_   |
96    |  I_O  |   1  |M8  |    *   |LVCMOS18         | Output|o_DIS2_4_   |
97    |  I_O  |   1  |M10 |    *   |LVCMOS18         | Output|o_DIS2_5_   |
98    |  I_O  |   1  |M12 |    *   |LVCMOS18         | Output|o_DIS2_6_   |
99    |GNDIO1 |   -  |    |        |                 |       |            |
100   |  I_O  |   1  |N2  |    *   |LVCMOS18         | Output|o_BOTRED_0_ |
101   |  I_O  |   1  |N4  |    *   |LVCMOS18         | Output|o_BOTRED_1_ |
102   |  I_O  |   1  |N6  |    *   |LVCMOS18         | Output|o_BOTRED_2_ |
103   |  I_O  |   1  |N8  |    *   |LVCMOS18         | Output|o_BOTRED_3_ |
104   |  I_O  |   1  |N10 |    *   |LVCMOS18         | Output|o_BOTRED_4_ |
105   |  I_O  |   1  |N12 |    *   |LVCMOS18         | Output|o_BOTRED_5_ |
106   |VCCIO1 |   -  |    |        |                 |       |            |
107   | TDO   |   -  |    |        |                 |       |            |
108   | VCC   |   -  |    |        |                 |       |            |
109   | GND   |   -  |    |        |                 |       |            |
110   | IN7   |   1  |    |        |                 |       |            |
111   |  I_O  |   1  |O12 |    *   |LVCMOS18         | Output|o_BOTRED_6_ |
112   |  I_O  |   1  |O10 |    *   |LVCMOS18         | Output|o_BOTRED_7_ |
113   |  I_O  |   1  |O8  |        |                 |       |            |
114   |  I_O  |   1  |O6  |        |                 |       |            |
115   |  I_O  |   1  |O4  |        |                 |       |            |
116   |  I_O  |   1  |O2  |    *   |LVCMOS18         | Output|o_DIS3_0_   |
117   | IN8   |   1  |    |        |                 |       |            |
118   |GNDIO1 |   -  |    |        |                 |       |            |
119   |VCCIO1 |   -  |    |        |                 |       |            |
120   |  I_O  |   1  |P12 |    *   |LVCMOS18         | Output|o_DIS3_1_   |
121   |  I_O  |   1  |P10 |    *   |LVCMOS18         | Output|o_DIS3_2_   |
122   |  I_O  |   1  |P8  |    *   |LVCMOS18         | Output|o_DIS3_3_   |
123   |  I_O  |   1  |P6  |    *   |LVCMOS18         | Output|o_DIS3_4_   |
124   |  I_O  |   1  |P4  |    *   |LVCMOS18         | Output|o_DIS3_5_   |
125   | I_O/OE|   1  |P2  |    *   |LVCMOS18         | Output|o_DIS3_6_   |
126   |INCLK3 |   1  |    |        |                 |       |            |
127   |GNDIO0 |   -  |    |        |                 |       |            |
128   |INCLK0 |   0  |    |        |                 |       |            |
129   | VCC   |   -  |    |        |                 |       |            |
130   | I_O/OE|   0  |A2  |    *   |LVCMOS18         | Output|o_MIDRED_7_ |
131   |  I_O  |   0  |A4  |    *   |LVCMOS18         | Output|o_MIDRED_6_ |
132   |  I_O  |   0  |A6  |    *   |LVCMOS18         | Output|o_MIDRED_5_ |
133   |  I_O  |   0  |A8  |    *   |LVCMOS18         | Output|o_MIDRED_4_ |
134   |  I_O  |   0  |A10 |    *   |LVCMOS18         | Output|o_MIDRED_3_ |
135   |  I_O  |   0  |A12 |    *   |LVCMOS18         | Output|o_MIDRED_2_ |
136   |VCCIO0 |   -  |    |        |                 |       |            |
137   |GNDIO0 |   -  |    |        |                 |       |            |
138   |  I_O  |   0  |B2  |    *   |LVCMOS18         | Output|o_MIDRED_1_ |
139   |  I_O  |   0  |B4  |    *   |LVCMOS18         | Output|o_MIDRED_0_ |
140   |  I_O  |   0  |B6  |    *   |LVCMOS18         | Output|o_JUMBO_0_  |
141   |  I_O  |   0  |B8  |    *   |LVCMOS18         | Output|o_JUMBO_1_  |
142   |  I_O  |   0  |B10 |    *   |LVCMOS18         | Output|o_JUMBO_2_  |
143   |  I_O  |   0  |B12 |    *   |LVCMOS18         | Output|o_JUMBO_3_  |
144   | IN9   |   0  |    |        |                 |       |            |
----------------------------------------------------------------------------------

<Note> GLB Pad : This notation refers to the GLB I/O pad number in the device.
<Note> Assigned Pin : user or dedicated input assignment (E.g. Clock pins).
<Note> Pin Type : 
          ClkIn : Dedicated input or clock pin 
           CLK  : Dedicated clock pin
           I_O  : Input/Output pin
           INP  : Dedicated input pin
           JTAG : JTAG Control and test pin
           NC   : No connected



Input_Signal_List
~~~~~~~~~~~~~~~~~
                Input
         Pin    Fanout
 Pin GLB Type                       Pullup Signal
--------------------------------------------------
  79   K  I/O   1  -------------N--    Down DIP_0_
  78   K  I/O   2  -------------NO-    Down DIP_1_
  77   K  I/O   2  -------------N-P    Down DIP_2_
  76   K  I/O   2  ------------MN--    Down DIP_3_
  23   E  I/O   1  -------------N--    Down DIP_4_
  24   E  I/O   8  ----EF----KLMNOP    Down DIP_5_
  25   E  I/O   7  ----EF-----LMNOP    Down DIP_6_
  26   E  I/O   8  ----EF----KLMNOP    Down DIP_7_
  58   I  I/O   1  --------I-------    Down i_S1_NC
  59   I  I/O   1  --------I-------    Down i_S1_NO
  60   I  I/O   1  --------I-------    Down i_S2_NC
  61   I  I/O   1  --------I-------    Down i_S2_NO
--------------------------------------------------



Output_Signal_List
~~~~~~~~~~~~~~~~~~
          I         C      P R P       O Output
          N         L Mc   R E U C O F B Fanout
 Pin GLB  P LL PTs  S Type E S P E E P P                     Slew Pullup Signal
------------------------------------------------------------------------------------
 100   N  1  1   1  1 COM                   ----------------  Fast   Down o_BOTRED_0_
 101   N  1  1   1  1 COM                   ----------------  Fast   Down o_BOTRED_1_
 102   N  1  1   1  1 COM                   ----------------  Fast   Down o_BOTRED_2_
 103   N  1  1   1  1 COM                   ----------------  Fast   Down o_BOTRED_3_
 104   N  1  1   1  1 COM                   ----------------  Fast   Down o_BOTRED_4_
 105   N  1  1   1  1 COM                   ----------------  Fast   Down o_BOTRED_5_
 111   O  1  1   1  1 COM                   ----------------  Fast   Down o_BOTRED_6_
 112   O  1  1   1  1 COM                   ----------------  Fast   Down o_BOTRED_7_
  80   K  0  -   0  1 COM                   ----------------  Fast   Down o_DIS1_0_
  81   K  4  -   3  1 DFF      R *          ----------------  Fast   Down o_DIS1_1_
  83   L  0  -   0  1 COM                   ----------------  Fast   Down o_DIS1_2_
  84   L  5  -   2  1 DFF      R *          ----------------  Fast   Down o_DIS1_3_
  85   L  0  -   0  1 COM                   ----------------  Fast   Down o_DIS1_4_
  86   L  5  -   2  1 DFF      R *          ----------------  Fast   Down o_DIS1_5_
  87   L  5  -   2  1 DFF      R *          ----------------  Fast   Down o_DIS1_6_
  88   L  5  -   2  1 DFF      R *          ----------------  Fast   Down o_DIS2_0_
  93   M  5  -   2  1 DFF      R *          ----------------  Fast   Down o_DIS2_1_
  94   M  0  -   0  1 COM                   ----------------  Fast   Down o_DIS2_2_
  95   M  5  -   2  1 DFF      R *          ----------------  Fast   Down o_DIS2_3_
  96   M  0  -   0  1 COM                   ----------------  Fast   Down o_DIS2_4_
  97   M  5  -   2  1 DFF      R *          ----------------  Fast   Down o_DIS2_5_
  98   M  0  -   1  1 COM                   ----------------  Fast   Down o_DIS2_6_
 116   O  5  -   2  1 DFF      R *          ----------------  Fast   Down o_DIS3_0_
 120   P  0  -   0  1 COM                   ----------------  Fast   Down o_DIS3_1_
 121   P  5  -   2  1 DFF      R *          ----------------  Fast   Down o_DIS3_2_
 122   P  4  -   2  1 DFF      R *          ----------------  Fast   Down o_DIS3_3_
 123   P  5  -   2  1 DFF      R *          ----------------  Fast   Down o_DIS3_4_
 124   P  1  -   1  1 COM                   ----------------  Fast   Down o_DIS3_5_
 125   P  5  -   2  1 DFF      R *          ----------------  Fast   Down o_DIS3_6_
  53   H  0  -   1  1 COM                   ----------------  Fast   Down o_DIS4_0_
  52   H  0  -   1  1 COM                   ----------------  Fast   Down o_DIS4_1_
  51   H  0  -   1  1 COM                   ----------------  Fast   Down o_DIS4_2_
  50   H  0  -   1  1 COM                   ----------------  Fast   Down o_DIS4_3_
  49   H  0  -   1  1 COM                   ----------------  Fast   Down o_DIS4_4_
  48   H  0  -   1  1 COM                   ----------------  Fast   Down o_DIS4_5_
  44   G  0  -   1  1 COM                   ----------------  Fast   Down o_DIS4_6_
 140   B  0  -   1  1 COM                   ----------------  Fast   Down o_JUMBO_0_
 141   B  0  -   1  1 COM                   ----------------  Fast   Down o_JUMBO_1_
 142   B  0  -   1  1 COM                   ----------------  Fast   Down o_JUMBO_2_
 143   B  0  -   1  1 COM                   ----------------  Fast   Down o_JUMBO_3_
 139   B  0  -   1  1 COM                   ----------------  Fast   Down o_MIDRED_0_
 138   B  0  -   1  1 COM                   ----------------  Fast   Down o_MIDRED_1_
 135   A  0  -   1  1 COM                   ----------------  Fast   Down o_MIDRED_2_
 134   A  0  -   1  1 COM                   ----------------  Fast   Down o_MIDRED_3_
 133   A  0  -   1  1 COM                   ----------------  Fast   Down o_MIDRED_4_
 132   A  0  -   1  1 COM                   ----------------  Fast   Down o_MIDRED_5_
 131   A  0  -   1  1 COM                   ----------------  Fast   Down o_MIDRED_6_
 130   A  0  -   1  1 COM                   ----------------  Fast   Down o_MIDRED_7_
  40   G  4  1   2  1 DFF  *   S            ----------------  Fast   Down o_TOPRED_0_
  39   G  1  -   1  1 COM                   ----------------  Fast   Down o_TOPRED_1_
  33   F  1  -   1  1 COM                   ----------------  Fast   Down o_TOPRED_2_
  32   F  1  -   1  1 COM                   ----------------  Fast   Down o_TOPRED_3_
  31   F  4  1   2  1 COM                   ----------------  Fast   Down o_TOPRED_4_
  30   F  2  1   1  1 COM                   ----------------  Fast   Down o_TOPRED_5_
  29   F  2  1   1  1 COM                   ----------------  Fast   Down o_TOPRED_6_
  28   F  4  1   2  1 COM                   ----------------  Fast   Down o_TOPRED_7_
  62   I  2  -   2  1 DFF  * * R            ----------------  Fast   Down o_YEL_0_
  63   I  2  -   2  1 DFF  * * R            ----------------  Fast   Down o_YEL_1_
------------------------------------------------------------------------------------

<Note> CLS = Number of clusters used
       INP = Number of input signals
       PTs = Number of product terms
        LL = Number of logic levels
       PRE = Has preset equation
       RES = Has reset equation
       PUP = Power-Up initial state: R=Reset, S=Set
        CE = Has clock enable equation
        OE = Has output enable equation
        FP = Fast path used
       OBP = ORP bypass used



Bidir_Signal_List
~~~~~~~~~~~~~~~~~
          I         C      P R P       O Bidir
          N         L Mc   R E U C O F B Fanout
 Pin GLB  P LL PTs  S Type E S P E E P P                     Slew Pullup Signal
-------------------------------------------------------------------------------
-------------------------------------------------------------------------------

<Note> CLS = Number of clusters used
       INP = Number of input signals
       PTs = Number of product terms
        LL = Number of logic levels
       PRE = Has preset equation
       RES = Has reset equation
       PUP = Power-Up initial state: R=Reset, S=Set
        CE = Has clock enable equation
        OE = Has output enable equation
        FP = Fast path used
       OBP = ORP bypass used



Buried_Signal_List
~~~~~~~~~~~~~~~~~~
        I         C      P R P       Node
        N         L Mc   R E U C I F Fanout
Mc GLB  P LL PTs  S Type E S P E R P                     Signal
-----------------------------------------------------------------
 6   G  4  1   2  1 DFF    * R       1  -------------N--  AQ_0_
11   L  7  1   7  2 DFF    * R       2  ------G-------O-  AQ_1_
11   A  9  1  13  3 DFF    * R       2  -----F---------P  AQ_2_
 7   J 11  1  21  5 DFF    * R       2  -----F------M---  AQ_3_
 9   E  4  -   2  1 DFF      R *     1  ---------------P  DISP_19_
10   I  2  -   3  1 DFF  * * S       12 AB--E-GH-JKLMNOP  LFTPB_Q
 6   I  2  -   3  1 DFF  * * R       12 AB--E-GH-JKLMNOP  RGTPB_Q
 3   N  7  1   4  1 DFF      R *     7  AB----GH-JKL----  X_0_
 5   O  7  1   4  1 DFF      R *     5  AB-------JKL----  X_1_
 3   P  7  1   4  1 DFF      R *     5  AB-----H-JK-----  X_2_
 3   M  7  1   4  1 DFF      R *     3  -B-------JK-----  X_3_
12   N  7  1   3  1 DFF      R *     7  AB----GH-JKL----  Y_0_
 7   O  7  1   3  1 DFF      R *     5  AB-------JKL----  Y_1_
12   P  7  1   3  1 DFF      R *     5  AB-----H-JK-----  Y_2_
12   M  7  1   3  1 DFF      R *     4  -B-----H-JK-----  Y_3_
 3   E  6  1   3  1 DFF      R *     7  AB--E--H-JKL----  inst_M
11   H  8  1   8  2 DFF    * R       1  -----F----------  qCC_0_
11   K 11  1  22  5 DFF    * R       1  -----F----------  qCC_2_
 7   B 11  1  30  6 DFF    * R       1  -----F----------  qCC_3_
-----------------------------------------------------------------

<Note> CLS = Number of clusters used
       INP = Number of input signals
       PTs = Number of product terms
        LL = Number of logic levels
       PRE = Has preset equation
       RES = Has reset equation
       PUP = Power-Up initial state: R=Reset, S=Set
        CE = Has clock enable equation
        OE = Has output enable equation
        IR = Input register
        FP = Fast path used
       OBP = ORP bypass used



PostFit_Equations
~~~~~~~~~~~~~~~~~
AQ_0_.D = X_0_.Q & !Y_0_.Q
    # !X_0_.Q & Y_0_.Q ; (2 pterms, 2 signals)
AQ_0_.C = RGTPB_Q.Q ; (1 pterm, 1 signal)
AQ_0_.AR = LFTPB_Q.Q ; (1 pterm, 1 signal)

AQ_1_.D.X1 = !Y_0_.Q & !Y_1_.Q
    # X_0_.Q & !Y_1_.Q & inst_M.Q
    # !X_0_.Q & !Y_1_.Q & !inst_M.Q
    # !X_0_.Q & Y_0_.Q & Y_1_.Q & inst_M.Q
    # X_0_.Q & Y_0_.Q & Y_1_.Q & !inst_M.Q ; (5 pterms, 4 signals)
AQ_1_.D.X2 = !X_1_.Q ; (1 pterm, 1 signal)
AQ_1_.C = RGTPB_Q.Q ; (1 pterm, 1 signal)
AQ_1_.AR = LFTPB_Q.Q ; (1 pterm, 1 signal)

AQ_2_.D.X1 = !X_1_.Q & !Y_2_.Q & !inst_M.Q
    # !X_0_.Q & !Y_0_.Q & !Y_1_.Q & !Y_2_.Q
    # X_1_.Q & !Y_1_.Q & !Y_2_.Q
    # !X_0_.Q & X_1_.Q & !Y_0_.Q & !Y_2_.Q & inst_M.Q
    # X_0_.Q & Y_0_.Q & !Y_1_.Q & !Y_2_.Q
    # X_0_.Q & X_1_.Q & Y_0_.Q & !Y_2_.Q & inst_M.Q
    # !X_0_.Q & !X_1_.Q & Y_0_.Q & Y_2_.Q & inst_M.Q
    # !X_1_.Q & Y_1_.Q & Y_2_.Q & inst_M.Q
    # X_0_.Q & !X_1_.Q & !Y_0_.Q & Y_2_.Q & inst_M.Q
    # !X_0_.Q & X_1_.Q & Y_0_.Q & Y_1_.Q & Y_2_.Q
    # X_1_.Q & Y_1_.Q & Y_2_.Q & !inst_M.Q
    # X_0_.Q & X_1_.Q & !Y_0_.Q & Y_1_.Q & Y_2_.Q ; (12 pterms, 6 signals)
AQ_2_.D.X2 = !X_2_.Q ; (1 pterm, 1 signal)
AQ_2_.C = RGTPB_Q.Q ; (1 pterm, 1 signal)
AQ_2_.AR = LFTPB_Q.Q ; (1 pterm, 1 signal)

AQ_3_.D.X1 = !X_2_.Q & !Y_3_.Q & !inst_M.Q
    # !X_0_.Q & !X_1_.Q & !Y_0_.Q & !Y_1_.Q & !Y_2_.Q & !Y_3_.Q
    # X_2_.Q & !Y_2_.Q & !Y_3_.Q
    # !X_0_.Q & !X_1_.Q & X_2_.Q & !Y_0_.Q & !Y_1_.Q & !Y_3_.Q & inst_M.Q
    # !X_0_.Q & X_1_.Q & !Y_0_.Q & Y_1_.Q & !Y_2_.Q & !Y_3_.Q
    # !X_0_.Q & X_1_.Q & X_2_.Q & !Y_0_.Q & Y_1_.Q & !Y_3_.Q & inst_M.Q
    # X_0_.Q & !X_1_.Q & Y_0_.Q & !Y_1_.Q & !Y_2_.Q & !Y_3_.Q
    # X_0_.Q & !X_1_.Q & X_2_.Q & Y_0_.Q & !Y_1_.Q & !Y_3_.Q & inst_M.Q
    # X_0_.Q & X_1_.Q & Y_0_.Q & Y_1_.Q & !Y_2_.Q & !Y_3_.Q
    # X_0_.Q & X_1_.Q & X_2_.Q & Y_0_.Q & Y_1_.Q & !Y_3_.Q & inst_M.Q
    # X_2_.Q & Y_2_.Q & Y_3_.Q & !inst_M.Q
    # !X_0_.Q & !X_2_.Q & Y_0_.Q & Y_3_.Q & inst_M.Q
    # !X_1_.Q & !X_2_.Q & Y_1_.Q & Y_3_.Q & inst_M.Q
    # !X_2_.Q & Y_2_.Q & Y_3_.Q & inst_M.Q
    # !X_0_.Q & Y_0_.Q & Y_2_.Q & Y_3_.Q & inst_M.Q
    # !X_1_.Q & Y_1_.Q & Y_2_.Q & Y_3_.Q & inst_M.Q
    # X_1_.Q & !X_2_.Q & !Y_1_.Q & Y_3_.Q & inst_M.Q
    # X_1_.Q & !Y_1_.Q & Y_2_.Q & Y_3_.Q & inst_M.Q
    # X_0_.Q & !X_2_.Q & !Y_0_.Q & Y_3_.Q & inst_M.Q
    # X_0_.Q & !Y_0_.Q & Y_2_.Q & Y_3_.Q & inst_M.Q ; (20 pterms, 8 signals)
AQ_3_.D.X2 = !X_3_.Q ; (1 pterm, 1 signal)
AQ_3_.C = RGTPB_Q.Q ; (1 pterm, 1 signal)
AQ_3_.AR = LFTPB_Q.Q ; (1 pterm, 1 signal)

DISP_19_.D = DIP_5_ ; (1 pterm, 1 signal)
DISP_19_.C = RGTPB_Q.Q ; (1 pterm, 1 signal)
DISP_19_.CE = DIP_7_ & !LFTPB_Q.Q ; (1 pterm, 2 signals)

LFTPB_Q.D = 1 ; (1 pterm, 0 signal)
LFTPB_Q.C = !i_S2_NO ; (1 pterm, 1 signal)
LFTPB_Q.AR = !i_S2_NC ; (1 pterm, 1 signal)
LFTPB_Q.AP = !i_S2_NO ; (1 pterm, 1 signal)

RGTPB_Q.D = 1 ; (1 pterm, 0 signal)
RGTPB_Q.C = !i_S1_NO ; (1 pterm, 1 signal)
RGTPB_Q.AR = !i_S1_NC ; (1 pterm, 1 signal)
RGTPB_Q.AP = !i_S1_NO ; (1 pterm, 1 signal)

X_0_.D = !DIP_6_ & DIP_0_
    # DIP_6_ & !DIP_5_ & AQ_0_.Q
    # DIP_0_ & AQ_0_.Q ; (3 pterms, 4 signals)
X_0_.C = RGTPB_Q.Q ; (1 pterm, 1 signal)
X_0_.CE = DIP_7_ & !LFTPB_Q.Q ; (1 pterm, 2 signals)

X_1_.D = !DIP_6_ & DIP_1_
    # DIP_6_ & !DIP_5_ & AQ_1_.Q
    # DIP_1_ & AQ_1_.Q ; (3 pterms, 4 signals)
X_1_.C = RGTPB_Q.Q ; (1 pterm, 1 signal)
X_1_.CE = DIP_7_ & !LFTPB_Q.Q ; (1 pterm, 2 signals)

X_2_.D = !DIP_6_ & DIP_2_
    # DIP_6_ & !DIP_5_ & AQ_2_.Q
    # DIP_2_ & AQ_2_.Q ; (3 pterms, 4 signals)
X_2_.C = RGTPB_Q.Q ; (1 pterm, 1 signal)
X_2_.CE = DIP_7_ & !LFTPB_Q.Q ; (1 pterm, 2 signals)

X_3_.D = !DIP_6_ & DIP_3_
    # DIP_6_ & !DIP_5_ & AQ_3_.Q
    # DIP_3_ & AQ_3_.Q ; (3 pterms, 4 signals)
X_3_.C = RGTPB_Q.Q ; (1 pterm, 1 signal)
X_3_.CE = DIP_7_ & !LFTPB_Q.Q ; (1 pterm, 2 signals)

Y_0_.D = DIP_6_ & !DIP_5_ & DIP_0_
    # !DIP_6_ & DIP_5_ & AQ_0_.Q ; (2 pterms, 4 signals)
Y_0_.C = RGTPB_Q.Q ; (1 pterm, 1 signal)
Y_0_.CE = DIP_7_ & !LFTPB_Q.Q ; (1 pterm, 2 signals)

Y_1_.D = DIP_6_ & !DIP_5_ & DIP_1_
    # !DIP_6_ & DIP_5_ & AQ_1_.Q ; (2 pterms, 4 signals)
Y_1_.C = RGTPB_Q.Q ; (1 pterm, 1 signal)
Y_1_.CE = DIP_7_ & !LFTPB_Q.Q ; (1 pterm, 2 signals)

Y_2_.D = DIP_6_ & !DIP_5_ & DIP_2_
    # !DIP_6_ & DIP_5_ & AQ_2_.Q ; (2 pterms, 4 signals)
Y_2_.C = RGTPB_Q.Q ; (1 pterm, 1 signal)
Y_2_.CE = DIP_7_ & !LFTPB_Q.Q ; (1 pterm, 2 signals)

Y_3_.D = DIP_6_ & !DIP_5_ & DIP_3_
    # !DIP_6_ & DIP_5_ & AQ_3_.Q ; (2 pterms, 4 signals)
Y_3_.C = RGTPB_Q.Q ; (1 pterm, 1 signal)
Y_3_.CE = DIP_7_ & !LFTPB_Q.Q ; (1 pterm, 2 signals)

inst_M.D = DIP_7_ & DIP_6_ & !DIP_5_
    # !DIP_7_ & inst_M.Q ; (2 pterms, 4 signals)
inst_M.C = RGTPB_Q.Q ; (1 pterm, 1 signal)
inst_M.CE = !LFTPB_Q.Q ; (1 pterm, 1 signal)

o_BOTRED_0_ = !DIP_0_ ; (1 pterm, 1 signal)

o_BOTRED_1_ = !DIP_1_ ; (1 pterm, 1 signal)

o_BOTRED_2_ = !DIP_2_ ; (1 pterm, 1 signal)

o_BOTRED_3_ = !DIP_3_ ; (1 pterm, 1 signal)

o_BOTRED_4_ = !DIP_4_ ; (1 pterm, 1 signal)

o_BOTRED_5_ = !DIP_5_ ; (1 pterm, 1 signal)

o_BOTRED_6_ = !DIP_6_ ; (1 pterm, 1 signal)

o_BOTRED_7_ = !DIP_7_ ; (1 pterm, 1 signal)

o_DIS1_0_ = 0 ; (0 pterm, 0 signal)

o_DIS1_1_.D = DIP_5_ ; (1 pterm, 1 signal)
o_DIS1_1_.C = RGTPB_Q.Q ; (1 pterm, 1 signal)
o_DIS1_1_.CE = DIP_7_ & !LFTPB_Q.Q ; (1 pterm, 2 signals)

o_DIS1_2_ = 0 ; (0 pterm, 0 signal)

o_DIS1_3_.D = !DIP_6_ & !DIP_5_ ; (1 pterm, 2 signals)
o_DIS1_3_.C = RGTPB_Q.Q ; (1 pterm, 1 signal)
o_DIS1_3_.CE = DIP_7_ & !LFTPB_Q.Q ; (1 pterm, 2 signals)

o_DIS1_4_ = 0 ; (0 pterm, 0 signal)

o_DIS1_5_.D = DIP_6_ & !DIP_5_ ; (1 pterm, 2 signals)
o_DIS1_5_.C = RGTPB_Q.Q ; (1 pterm, 1 signal)
o_DIS1_5_.CE = DIP_7_ & !LFTPB_Q.Q ; (1 pterm, 2 signals)

o_DIS1_6_.D = !( !DIP_6_ & !DIP_5_ ) ; (1 pterm, 2 signals)
o_DIS1_6_.C = RGTPB_Q.Q ; (1 pterm, 1 signal)
o_DIS1_6_.CE = DIP_7_ & !LFTPB_Q.Q ; (1 pterm, 2 signals)

o_DIS2_0_.D = DIP_6_ & !DIP_5_ ; (1 pterm, 2 signals)
o_DIS2_0_.C = RGTPB_Q.Q ; (1 pterm, 1 signal)
o_DIS2_0_.CE = DIP_7_ & !LFTPB_Q.Q ; (1 pterm, 2 signals)

o_DIS2_1_.D = !( DIP_6_ & !DIP_5_ ) ; (1 pterm, 2 signals)
o_DIS2_1_.C = RGTPB_Q.Q ; (1 pterm, 1 signal)
o_DIS2_1_.CE = DIP_7_ & !LFTPB_Q.Q ; (1 pterm, 2 signals)

o_DIS2_2_ = 0 ; (0 pterm, 0 signal)

o_DIS2_3_.D = DIP_6_ & DIP_5_ ; (1 pterm, 2 signals)
o_DIS2_3_.C = RGTPB_Q.Q ; (1 pterm, 1 signal)
o_DIS2_3_.CE = DIP_7_ & !LFTPB_Q.Q ; (1 pterm, 2 signals)

o_DIS2_4_ = 0 ; (0 pterm, 0 signal)

o_DIS2_5_.D = DIP_6_ & DIP_5_ ; (1 pterm, 2 signals)
o_DIS2_5_.C = RGTPB_Q.Q ; (1 pterm, 1 signal)
o_DIS2_5_.CE = DIP_7_ & !LFTPB_Q.Q ; (1 pterm, 2 signals)

o_DIS2_6_ = 1 ; (1 pterm, 0 signal)

o_DIS3_0_.D = !DIP_6_ & !DIP_5_ ; (1 pterm, 2 signals)
o_DIS3_0_.C = RGTPB_Q.Q ; (1 pterm, 1 signal)
o_DIS3_0_.CE = DIP_7_ & !LFTPB_Q.Q ; (1 pterm, 2 signals)

o_DIS3_1_ = 0 ; (0 pterm, 0 signal)

o_DIS3_2_.D = DIP_6_ & !DIP_5_ ; (1 pterm, 2 signals)
o_DIS3_2_.C = RGTPB_Q.Q ; (1 pterm, 1 signal)
o_DIS3_2_.CE = DIP_7_ & !LFTPB_Q.Q ; (1 pterm, 2 signals)

o_DIS3_3_.D = DIP_5_ ; (1 pterm, 1 signal)
o_DIS3_3_.C = RGTPB_Q.Q ; (1 pterm, 1 signal)
o_DIS3_3_.CE = DIP_7_ & !LFTPB_Q.Q ; (1 pterm, 2 signals)

o_DIS3_4_.D = !DIP_6_ & !DIP_5_ ; (1 pterm, 2 signals)
o_DIS3_4_.C = RGTPB_Q.Q ; (1 pterm, 1 signal)
o_DIS3_4_.CE = DIP_7_ & !LFTPB_Q.Q ; (1 pterm, 2 signals)

o_DIS3_5_ = !DISP_19_.Q ; (1 pterm, 1 signal)

o_DIS3_6_.D = !DIP_6_ & !DIP_5_ ; (1 pterm, 2 signals)
o_DIS3_6_.C = RGTPB_Q.Q ; (1 pterm, 1 signal)
o_DIS3_6_.CE = DIP_7_ & !LFTPB_Q.Q ; (1 pterm, 2 signals)

o_DIS4_0_ = 1 ; (1 pterm, 0 signal)

o_DIS4_1_ = 1 ; (1 pterm, 0 signal)

o_DIS4_2_ = 1 ; (1 pterm, 0 signal)

o_DIS4_3_ = 1 ; (1 pterm, 0 signal)

o_DIS4_4_ = 1 ; (1 pterm, 0 signal)

o_DIS4_5_ = 1 ; (1 pterm, 0 signal)

o_DIS4_6_ = 1 ; (1 pterm, 0 signal)

o_JUMBO_0_ = 1 ; (1 pterm, 0 signal)

o_JUMBO_1_ = 1 ; (1 pterm, 0 signal)

o_JUMBO_2_ = 1 ; (1 pterm, 0 signal)

o_JUMBO_3_ = 1 ; (1 pterm, 0 signal)

o_MIDRED_0_ = 1 ; (1 pterm, 0 signal)

o_MIDRED_1_ = 1 ; (1 pterm, 0 signal)

o_MIDRED_2_ = 1 ; (1 pterm, 0 signal)

o_MIDRED_3_ = 1 ; (1 pterm, 0 signal)

o_MIDRED_4_ = 1 ; (1 pterm, 0 signal)

o_MIDRED_5_ = 1 ; (1 pterm, 0 signal)

o_MIDRED_6_ = 1 ; (1 pterm, 0 signal)

o_MIDRED_7_ = 1 ; (1 pterm, 0 signal)

o_TOPRED_0_.D = !X_0_.Q & !Y_0_.Q
    # X_0_.Q & Y_0_.Q ; (2 pterms, 2 signals)
o_TOPRED_0_.C = RGTPB_Q.Q ; (1 pterm, 1 signal)
o_TOPRED_0_.AP = LFTPB_Q.Q ; (1 pterm, 1 signal)

o_TOPRED_1_ = !AQ_1_.Q ; (1 pterm, 1 signal)

o_TOPRED_2_ = !AQ_2_.Q ; (1 pterm, 1 signal)

o_TOPRED_3_ = !AQ_3_.Q ; (1 pterm, 1 signal)

o_TOPRED_4_ = !( DIP_7_ & DIP_6_ & !DIP_5_ & qCC_0_.Q
    # DIP_7_ & !DIP_6_ & DIP_5_ & qCC_0_.Q ) ; (2 pterms, 4 signals)

o_TOPRED_5_ = !( DIP_7_ & AQ_3_.Q ) ; (1 pterm, 2 signals)

o_TOPRED_6_ = !( DIP_7_ & qCC_2_.Q ) ; (1 pterm, 2 signals)

o_TOPRED_7_ = !( DIP_7_ & DIP_6_ & !DIP_5_ & qCC_3_.Q
    # DIP_7_ & !DIP_6_ & DIP_5_ & qCC_3_.Q ) ; (2 pterms, 4 signals)

o_YEL_0_.D = 0 ; (0 pterm, 0 signal)
o_YEL_0_.C = !i_S2_NO ; (1 pterm, 1 signal)
o_YEL_0_.AR = !i_S2_NO ; (1 pterm, 1 signal)
o_YEL_0_.AP = !i_S2_NC ; (1 pterm, 1 signal)

o_YEL_1_.D = 0 ; (0 pterm, 0 signal)
o_YEL_1_.C = !i_S1_NO ; (1 pterm, 1 signal)
o_YEL_1_.AR = !i_S1_NO ; (1 pterm, 1 signal)
o_YEL_1_.AP = !i_S1_NC ; (1 pterm, 1 signal)

qCC_0_.D = !( !X_2_.Q & !Y_3_.Q & !inst_M.Q
    # !X_2_.Q & Y_3_.Q & inst_M.Q
    # X_2_.Q & !Y_2_.Q & !Y_3_.Q
    # X_2_.Q & Y_2_.Q & Y_3_.Q
    # X_0_.Q & !Y_0_.Q & !inst_M.Q
    # !X_0_.Q & Y_0_.Q & !inst_M.Q
    # !X_0_.Q & !Y_0_.Q & inst_M.Q
    # X_0_.Q & Y_0_.Q & inst_M.Q ) ; (8 pterms, 6 signals)
qCC_0_.C = RGTPB_Q.Q ; (1 pterm, 1 signal)
qCC_0_.AR = LFTPB_Q.Q ; (1 pterm, 1 signal)

qCC_2_.D = !( X_2_.Q & Y_0_.Q & !Y_2_.Q
    # !X_2_.Q & Y_0_.Q & Y_2_.Q
    # !X_0_.Q & X_1_.Q & X_3_.Q & !Y_3_.Q
    # !X_0_.Q & X_1_.Q & !X_3_.Q & Y_3_.Q
    # !X_0_.Q & X_1_.Q & !X_2_.Q & !Y_2_.Q & !inst_M.Q
    # X_2_.Q & !X_3_.Q & Y_2_.Q & !Y_3_.Q & !inst_M.Q
    # X_2_.Q & X_3_.Q & Y_2_.Q & Y_3_.Q & !inst_M.Q
    # !X_1_.Q & Y_0_.Q & !Y_1_.Q & !inst_M.Q
    # !X_2_.Q & X_3_.Q & !Y_3_.Q
    # !X_2_.Q & !X_3_.Q & Y_3_.Q
    # !X_0_.Q & !X_1_.Q & Y_1_.Q
    # X_1_.Q & Y_0_.Q & Y_1_.Q & !inst_M.Q
    # X_2_.Q & !Y_1_.Q & !Y_2_.Q
    # !X_2_.Q & !Y_1_.Q & Y_2_.Q
    # X_0_.Q & !Y_0_.Q
    # !X_1_.Q & Y_1_.Q & inst_M.Q
    # X_3_.Q & !Y_3_.Q & inst_M.Q
    # !X_3_.Q & Y_3_.Q & inst_M.Q
    # X_2_.Q & !Y_2_.Q & inst_M.Q
    # X_1_.Q & !Y_1_.Q & inst_M.Q
    # !X_2_.Q & Y_2_.Q & inst_M.Q
    # !X_0_.Q & Y_0_.Q ) ; (22 pterms, 9 signals)
qCC_2_.C = RGTPB_Q.Q ; (1 pterm, 1 signal)
qCC_2_.AR = LFTPB_Q.Q ; (1 pterm, 1 signal)

qCC_3_.D = X_0_.Q & X_3_.Q & Y_0_.Q & Y_1_.Q & Y_2_.Q & !inst_M.Q
    # X_0_.Q & X_3_.Q & !Y_0_.Q & !Y_1_.Q & !Y_2_.Q & inst_M.Q
    # X_0_.Q & X_2_.Q & X_3_.Q & Y_0_.Q & Y_1_.Q & !inst_M.Q
    # X_0_.Q & X_2_.Q & X_3_.Q & !Y_0_.Q & !Y_1_.Q & inst_M.Q
    # X_0_.Q & X_1_.Q & X_3_.Q & Y_0_.Q & Y_2_.Q & !inst_M.Q
    # X_0_.Q & X_1_.Q & X_3_.Q & !Y_0_.Q & !Y_2_.Q & inst_M.Q
    # X_0_.Q & X_1_.Q & X_2_.Q & X_3_.Q & Y_0_.Q & !inst_M.Q
    # X_0_.Q & X_1_.Q & X_2_.Q & X_3_.Q & !Y_0_.Q & inst_M.Q
    # X_1_.Q & X_3_.Q & Y_1_.Q & Y_2_.Q & !inst_M.Q
    # X_1_.Q & X_3_.Q & !Y_1_.Q & !Y_2_.Q & inst_M.Q
    # X_1_.Q & X_2_.Q & X_3_.Q & Y_1_.Q & !inst_M.Q
    # X_1_.Q & X_2_.Q & X_3_.Q & !Y_1_.Q & inst_M.Q
    # X_2_.Q & X_3_.Q & Y_2_.Q & !inst_M.Q
    # X_2_.Q & X_3_.Q & !Y_2_.Q & inst_M.Q
    # X_0_.Q & !Y_0_.Q & !Y_1_.Q & !Y_2_.Q & !Y_3_.Q & inst_M.Q
    # X_0_.Q & X_1_.Q & !Y_0_.Q & !Y_2_.Q & !Y_3_.Q & inst_M.Q
    # X_0_.Q & X_2_.Q & !Y_0_.Q & !Y_1_.Q & !Y_3_.Q & inst_M.Q
    # X_0_.Q & X_1_.Q & X_2_.Q & !Y_0_.Q & !Y_3_.Q & inst_M.Q
    # X_1_.Q & !Y_1_.Q & !Y_2_.Q & !Y_3_.Q & inst_M.Q
    # X_0_.Q & Y_0_.Q & Y_1_.Q & Y_2_.Q & Y_3_.Q & !inst_M.Q
    # X_1_.Q & X_2_.Q & !Y_1_.Q & !Y_3_.Q & inst_M.Q
    # X_0_.Q & X_1_.Q & Y_0_.Q & Y_2_.Q & Y_3_.Q & !inst_M.Q
    # X_0_.Q & X_2_.Q & Y_0_.Q & Y_1_.Q & Y_3_.Q & !inst_M.Q
    # X_0_.Q & X_1_.Q & X_2_.Q & Y_0_.Q & Y_3_.Q & !inst_M.Q
    # X_2_.Q & !Y_2_.Q & !Y_3_.Q & inst_M.Q
    # X_1_.Q & Y_1_.Q & Y_2_.Q & Y_3_.Q & !inst_M.Q
    # X_1_.Q & X_2_.Q & Y_1_.Q & Y_3_.Q & !inst_M.Q
    # X_2_.Q & Y_2_.Q & Y_3_.Q & !inst_M.Q
    # X_3_.Q & Y_3_.Q & !inst_M.Q
    # X_3_.Q & !Y_3_.Q & inst_M.Q ; (30 pterms, 9 signals)
qCC_3_.C = RGTPB_Q.Q ; (1 pterm, 1 signal)
qCC_3_.AR = LFTPB_Q.Q ; (1 pterm, 1 signal)




