Running in Lattice mode


Starting:    C:\ispLEVER_Classic1_7\synpbase\win64\mbin\synbatch.exe
Install:     C:\ispLEVER_Classic1_7\synpbase
Date:        Thu Mar 07 15:47:18 2019
Version:     G-2012.09LC-SP1 

Arguments:   -product synplify_pro  -batch u:/desktop/lab8\lab8_3.prj
ProductType: synplify_pro






log file: "U:\desktop\lab8\lab8_3.srr"

Running lab8_3|lab8
Running Compile on lab8_3|lab8
Running Compile Process on lab8_3|lab8
Running Compile Input on lab8_3|lab8
Copied U:\desktop\lab8\synwork\lab8_3_compiler.srs to U:\desktop\lab8\lab8_3.srs
compiler Completed with warnings
Return Code: 1
Run Time:0h:00m:02s

Copied U:\desktop\lab8\lab8_3.srr to U:\desktop\lab8\lab8_3.srf
Job Compile Process completed on lab8_3|lab8
Job Compile completed on lab8_3|lab8
Running Map on lab8_3|lab8
Running Map & Optimize on lab8_3|lab8
fpga_mapper Completed
Return Code: 0
Run Time:0h:00m:00s

Job Map completed on lab8_3|lab8
Copied U:\desktop\lab8\lab8_3.srr to U:\desktop\lab8\lab8_3.srf
Job Logic Synthesis completed on lab8_3|lab8


exit status=0


