Running in Lattice mode


Starting:    C:\ispLEVER_Classic1_7\synpbase\win64\mbin\synbatch.exe
Install:     C:\ispLEVER_Classic1_7\synpbase
Date:        Thu Mar 28 15:17:21 2019
Version:     G-2012.09LC-SP1 

Arguments:   -product synplify_pro  -batch w:/my documents/ece 270/lab10\lab10_top.prj
ProductType: synplify_pro






log file: "W:\my documents\ece 270\lab10\lab10_top.srr"

Running lab10_top|lab10
Running Compile on lab10_top|lab10
Running Compile Process on lab10_top|lab10
Running Compile Input on lab10_top|lab10
Copied W:\my documents\ece 270\lab10\synwork\lab10_top_compiler.srs to W:\my documents\ece 270\lab10\lab10_top.srs
compiler Completed with warnings
Return Code: 1
Run Time:0h:00m:01s

Copied W:\my documents\ece 270\lab10\lab10_top.srr to W:\my documents\ece 270\lab10\lab10_top.srf
Job Compile Process completed on lab10_top|lab10
Job Compile completed on lab10_top|lab10
Running Map on lab10_top|lab10
Running Map & Optimize on lab10_top|lab10
fpga_mapper Completed with warnings
Return Code: 1
Run Time:0h:00m:01s

Job Map completed on lab10_top|lab10
Copied W:\my documents\ece 270\lab10\lab10_top.srr to W:\my documents\ece 270\lab10\lab10_top.srf
Job Logic Synthesis completed on lab10_top|lab10


exit status=0


