|--------------------------------------------------------------|
|- ispLEVER Classic 1.7.00.05.28.13 Fitter Report File        -|
|- Copyright(C), 1992-2012, Lattice Semiconductor Corporation -|
|- All Rights Reserved.                                       -|
|--------------------------------------------------------------|




The Basic/Detailed Report Format can be selected in the dialog box
Tools->Fitter Report File Format...

Project_Summary
~~~~~~~~~~~~~~~
Project Name         :  lab11
Project Path         :  W:\My Documents\ECE 270\Lab11
Project Fitted on    :  Thu Apr 04 16:05:15 2019

Device               :  M4256_96
Package              :  144
GLB Input Mux Size   :  33
Available Blocks     :  16
Speed                :  -7.5
Part Number          :  LC4256ZE-7TN144C
Source Format        :  Pure_Verilog_HDL


// Project 'lab11' Fit Successfully! //


Compilation_Times
~~~~~~~~~~~~~~~~~
Prefit Time                     0 secs
Load Design Time                0.08 secs
Partition Time                  0.11 secs
Place Time                      0.02 secs
Route Time                      0.00 secs
Total Fit Time                  00:00:01


Design_Summary
~~~~~~~~~~~~~~
Total Input Pins                12
Total Logic Functions           147
  Total Output Pins             57
  Total Bidir I/O Pins          0
  Total Buried Nodes            90
Total Flip-Flops                91
  Total D Flip-Flops            81
  Total T Flip-Flops            2
  Total Latches                 8
Total Product Terms             553

Total Reserved Pins             0
Total Locked Pins               69
Total Locked Nodes              2

Total Unique Output Enables     0
Total Unique Clocks             8
Total Unique Clock Enables      2
Total Unique Resets             18
Total Unique Presets            19

Fmax Logic Levels               2


Device_Resource_Summary
~~~~~~~~~~~~~~~~~~~~~~~
                                 Device
                                 Total    Used   Not Used   Utilization
-----------------------------------------------------------------------
Dedicated Pins
  Clock/Input Pins                  4        0      4    -->     0
  Input-Only Pins                  10        0     10    -->     0
  I/O / Enable Pins                 2        2      0    -->   100
I/O Pins                           94       67     27    -->    71
Logic Functions                   256      146    110    -->    57
  Input Registers                  96        0     96    -->     0

GLB Inputs                        576      281    295    -->    48
Logical Product Terms            1280      397    883    -->    31
Occupied GLBs                      16       16      0    -->   100
Macrocells                        256      145    111    -->    56

Control Product Terms:
  GLB Clock/Clock Enables          16       16      0    -->   100
  GLB Reset/Presets                16        0     16    -->     0
  Macrocell Clocks                256       13    243    -->     5
  Macrocell Clock Enables         256       11    245    -->     4
  Macrocell Enables               256        0    256    -->     0
  Macrocell Resets                256       11    245    -->     4
  Macrocell Presets               256       10    246    -->     3

Global Routing Pool               356      100    256    -->    28
  GRP from IFB                     ..       12     ..    -->    ..
    (from input signals)           ..       12     ..    -->    ..
    (from output signals)          ..        0     ..    -->    ..
    (from bidir signals)           ..        0     ..    -->    ..
  GRP from MFB                     ..       88     ..    -->    ..
----------------------------------------------------------------------

<Note> 1 : The available PT is the product term that has not been used.
<Note> 2 : IFB is I/O feedback.
<Note> 3 : MFB is macrocell feedback.



GLB_Resource_Summary
~~~~~~~~~~~~~~~~~~~~
                                                                                     # of PT
               ---  Fanin  ---    I/O    Input  Macrocells       Macrocells   Logic  clusters
             Unique Shared Total  Pins    Regs Used Inaccessible  available    PTs   used
-------------------------------------------------------------------------------------------
Maximum
  GLB                      36      *(1)     8   --     --             16       80       16
-------------------------------------------------------------------------------------------
  GLB    A      0     9     9      5/6      0    6      0             10       30        6
  GLB    B      4    12    16      5/6      0   12      0              4       27       12
  GLB    C      8     7    15      0/6      0    8      0              8       18        8
  GLB    D      9    10    19      0/6      0    6      0             10       25        8
-------------------------------------------------------------------------------------------
  GLB    E     14     6    20      4/6      0    2      2             12       24        6
  GLB    F     11    10    21      6/6      0   11      0              5       25       11
  GLB    G      2    10    12      3/6      0    8      0              8       15        8
  GLB    H     24     4    28      6/6      0    8      1              7       30       11
-------------------------------------------------------------------------------------------
  GLB    I      2    13    15      6/6      0   12      0              4       29       12
  GLB    J     19     0    19      0/6      0    1      0             15       20        4
  GLB    K      2    11    13      6/6      0    8      0              8       21        8
  GLB    L      6    12    18      6/6      0   14      0              2       29       15
-------------------------------------------------------------------------------------------
  GLB    M     16    10    26      6/6      0   14      0              2       35       14
  GLB    N     11    10    21      6/6      0   10      0              6       25       10
  GLB    O      1    13    14      3/6      0   11      0              5       18       11
  GLB    P      4    11    15      5/6      0   14      0              2       26       14
-------------------------------------------------------------------------------------------
TOTALS:       133   148   281     67/96     0  145      3            108      397      158

<Note> 1 : For ispMACH 4000 devices, the number of IOs depends on the GLB.
<Note> 2 : Four rightmost columns above reflect last status of the placement process.



GLB_Control_Summary
~~~~~~~~~~~~~~~~~~~
           Shared Shared | Mcell  Mcell  Mcell  Mcell  Mcell 
           Clk/CE Rst/Pr | Clock  CE     Enable Reset  Preset
------------------------------------------------------------------------------
Maximum
  GLB        1      1        16     16     16     16     16  
==============================================================================
  GLB    A   1      0         0      0      0      0      0
  GLB    B   1      0         5      0      0      0      0
  GLB    C   1      0         0      0      0      2      2
  GLB    D   1      0         1      0      0      4      3
------------------------------------------------------------------------------
  GLB    E   1      0         0      0      0      0      0
  GLB    F   1      0         0      0      0      0      0
  GLB    G   1      0         0      2      0      0      0
  GLB    H   1      0         1      1      0      1      1
------------------------------------------------------------------------------
  GLB    I   1      0         2      0      0      2      2
  GLB    J   1      0         0      0      0      0      0
  GLB    K   1      0         3      3      0      0      0
  GLB    L   1      0         0      0      0      1      1
------------------------------------------------------------------------------
  GLB    M   1      0         1      1      0      1      1
  GLB    N   1      0         0      0      0      0      0
  GLB    O   1      0         0      0      0      0      0
  GLB    P   1      0         0      4      0      0      0
------------------------------------------------------------------------------

<Note> 1 : For ispMACH 4000 devices, the number of output enables depends on the GLB.



Optimizer_and_Fitter_Options
~~~~~~~~~~~~~~~~~~~~~~~~~~~~
Pin Assignment :                       Yes
Group Assignment :                     No
Pin Reservation :                      No

@Ignore_Project_Constraints :
  Pin Assignments :                    No
      Keep Block Assignment            --
      Keep Segment Assignment          --
  Group Assignments :                  No
  Macrocell Assignment :               No
      Keep Block Assignment            --
      Keep Segment Assignment          --

@Backannotate_Project_Constraints
  Pin Assignments :                    No
  Pin And Block Assignments :          No
  Pin, Macrocell and Block :           No

@Timing_Constraints :                  No

@Global_Project_Optimization :
  Balanced Partitioning :              Yes
  Spread Placement :                   Yes

  Note :
    Pack Design :
       Balanced Partitioning = No
       Spread Placement      = No
    Spread Design :
       Balanced Partitioning = Yes
       Spread Placement      = Yes


@Logic_Synthesis :
  Logic Reduction :                    Yes
  Node Collapsing :                    FMAX
  Fmax_Logic_Level :                   1
  D/T Synthesis :                      Yes
  XOR Synthesis :                      Yes
  Max. P-Term for Collapsing :         16
  Max. P-Term for Splitting :          80
  Max Symbols :                        24

@Utilization_options
  Max. % of Macrocells used :          100
@User_Signature                        
@IO_Types                              Default = LVCMOS18 (2)
@Output_Slew_Rate                      Default = FAST (2)
@Power                                 Default = HIGH (2)
@Pull                                  Default = PULLUP_DOWN (2)
@Input_Registers                       Default = None (2)
@Register_Powerup                      Default = None

Device Options:
<Note> 1 : Reserved unused I/Os can be independently driven to Low or High, and does not
           follow the drive level set for the Global Configure Unused I/O Option.
<Note> 2 : For user-specified constraints on individual signals, refer to the Output,
           Bidir and Buried Signal Lists.



OSCTIMER_Summary
~~~~~~~~~~~~~~~~
OSCTIMER:                         Pin/Node
  OSCTIMER Instance Name                    I1
  Dynamic Disable Signal                    gnd_n_n
  Timer Reset Signal                        _dup_gnd_n_n
  Oscillator Output Clock         mfb C-15  A0_OSCOUT
  Timer Output Clock              mfb F-15  tmr_out

  Oscillator Output Clock Frequency         5.0000 MHz
  Timer Output Clock Frequency              4.7684 Hz
  Timer Divider                             1048576


Pinout_Listing
~~~~~~~~~~~~~~
      | Pin   | Bank |GLB |Assigned|                 | Signal|            | PG
Pin No| Type  |Number|Pad |Pin     |     I/O Type    | Type  | Signal name| Enable
--------------------------------------------------------------------------------------------------
1     | GND   |   -  |    |        |                 |       |            |
2     | TDI   |   -  |    |        |                 |       |            |
3     |VCCIO0 |   -  |    |        |                 |       |            |
4     |  I_O  |   0  |C12 |        |                 |       |            |
5     |  I_O  |   0  |C10 |        |                 |       |            |
6     |  I_O  |   0  |C8  |        |                 |       |            |
7     |  I_O  |   0  |C6  |        |                 |       |            |
8     |  I_O  |   0  |C4  |        |                 |       |            |
9     |  I_O  |   0  |C2  |        |                 |       |            |
10    |GNDIO0 |   -  |    |        |                 |       |            |
11    |  I_O  |   0  |D14 |        |                 |       |            |
12    |  I_O  |   0  |D12 |        |                 |       |            |
13    |  I_O  |   0  |D10 |        |                 |       |            |
14    |  I_O  |   0  |D8  |        |                 |       |            |
15    |  I_O  |   0  |D6  |        |                 |       |            |
16    |  I_O  |   0  |D4  |        |                 |       |            |
17    | IN0   |   0  |    |        |                 |       |            |
18    | NC    |   -  |    |        |                 |       |            |
19    |VCCIO0 |   -  |    |        |                 |       |            |
20    | IN1   |   0  |    |        |                 |       |            |
21    |  I_O  |   0  |E2  |        |                 |       |            |
22    |  I_O  |   0  |E4  |        |                 |       |            |
23    |  I_O  |   0  |E6  |    *   |LVCMOS18         | Input |DIP_4_      |
24    |  I_O  |   0  |E8  |    *   |LVCMOS18         | Input |DIP_5_      |
25    |  I_O  |   0  |E10 |    *   |LVCMOS18         | Input |DIP_6_      |
26    |  I_O  |   0  |E12 |    *   |LVCMOS18         | Input |DIP_7_      |
27    |GNDIO0 |   -  |    |        |                 |       |            |
28    |  I_O  |   0  |F2  |    *   |LVCMOS18         | Output|o_TOPRED_7_ |
29    |  I_O  |   0  |F4  |    *   |LVCMOS18         | Output|o_TOPRED_6_ |
30    |  I_O  |   0  |F6  |    *   |LVCMOS18         | Output|o_TOPRED_5_ |
31    |  I_O  |   0  |F8  |    *   |LVCMOS18         | Output|o_TOPRED_4_ |
32    |  I_O  |   0  |F10 |    *   |LVCMOS18         | Output|o_TOPRED_3_ |
33    |  I_O  |   0  |F12 |    *   |LVCMOS18         | Output|o_TOPRED_2_ |
34    |VCCIO0 |   -  |    |        |                 |       |            |
35    | TCK   |   -  |    |        |                 |       |            |
36    | VCC   |   -  |    |        |                 |       |            |
37    | GND   |   -  |    |        |                 |       |            |
38    | IN2   |   0  |    |        |                 |       |            |
39    |  I_O  |   0  |G12 |    *   |LVCMOS18         | Output|o_TOPRED_1_ |
40    |  I_O  |   0  |G10 |    *   |LVCMOS18         | Output|o_TOPRED_0_ |
41    |  I_O  |   0  |G8  |        |                 |       |            |
42    |  I_O  |   0  |G6  |        |                 |       |            |
43    |  I_O  |   0  |G4  |        |                 |       |            |
44    |  I_O  |   0  |G2  |    *   |LVCMOS18         | Output|o_DIS4_6_   |
45    | IN3   |   0  |    |        |                 |       |            |
46    |GNDIO0 |   -  |    |        |                 |       |            |
47    |VCCIO0 |   -  |    |        |                 |       |            |
48    |  I_O  |   0  |H12 |    *   |LVCMOS18         | Output|o_DIS4_5_   |
49    |  I_O  |   0  |H10 |    *   |LVCMOS18         | Output|o_DIS4_4_   |
50    |  I_O  |   0  |H8  |    *   |LVCMOS18         | Output|o_DIS4_3_   |
51    |  I_O  |   0  |H6  |    *   |LVCMOS18         | Output|o_DIS4_2_   |
52    |  I_O  |   0  |H4  |    *   |LVCMOS18         | Output|o_DIS4_1_   |
53    |  I_O  |   0  |H2  |    *   |LVCMOS18         | Output|o_DIS4_0_   |
54    |INCLK1 |   0  |    |        |                 |       |            |
55    |GNDIO1 |   -  |    |        |                 |       |            |
56    |INCLK2 |   1  |    |        |                 |       |            |
57    | VCC   |   -  |    |        |                 |       |            |
58    |  I_O  |   1  |I2  |    *   |LVCMOS18         | Input |i_S1_NC     |
59    |  I_O  |   1  |I4  |    *   |LVCMOS18         | Input |i_S1_NO     |
60    |  I_O  |   1  |I6  |    *   |LVCMOS18         | Input |i_S2_NC     |
61    |  I_O  |   1  |I8  |    *   |LVCMOS18         | Input |i_S2_NO     |
62    |  I_O  |   1  |I10 |    *   |LVCMOS18         | Output|o_LED_YELLOW|
63    |  I_O  |   1  |I12 |    *   |LVCMOS18         | Output|o_LED_YELLOW|
64    |VCCIO1 |   -  |    |        |                 |       |            |
65    |GNDIO1 |   -  |    |        |                 |       |            |
66    |  I_O  |   1  |J2  |        |                 |       |            |
67    |  I_O  |   1  |J4  |        |                 |       |            |
68    |  I_O  |   1  |J6  |        |                 |       |            |
69    |  I_O  |   1  |J8  |        |                 |       |            |
70    |  I_O  |   1  |J10 |        |                 |       |            |
71    |  I_O  |   1  |J12 |        |                 |       |            |
72    | IN4   |   0  |    |        |                 |       |            |
73    | GND   |   -  |    |        |                 |       |            |
74    | TMS   |   -  |    |        |                 |       |            |
75    |VCCIO1 |   -  |    |        |                 |       |            |
76    |  I_O  |   1  |K12 |    *   |LVCMOS18         | Input |DIP_3_      |
77    |  I_O  |   1  |K10 |    *   |LVCMOS18         | Input |DIP_2_      |
78    |  I_O  |   1  |K8  |    *   |LVCMOS18         | Input |DIP_1_      |
79    |  I_O  |   1  |K6  |    *   |LVCMOS18         | Input |DIP_0_      |
80    |  I_O  |   1  |K4  |    *   |LVCMOS18         | Output|o_DIS1_0_   |
81    |  I_O  |   1  |K2  |    *   |LVCMOS18         | Output|o_DIS1_1_   |
82    |GNDIO1 |   -  |    |        |                 |       |            |
83    |  I_O  |   1  |L14 |    *   |LVCMOS18         | Output|o_DIS1_2_   |
84    |  I_O  |   1  |L12 |    *   |LVCMOS18         | Output|o_DIS1_3_   |
85    |  I_O  |   1  |L10 |    *   |LVCMOS18         | Output|o_DIS1_4_   |
86    |  I_O  |   1  |L8  |    *   |LVCMOS18         | Output|o_DIS1_5_   |
87    |  I_O  |   1  |L6  |    *   |LVCMOS18         | Output|o_DIS1_6_   |
88    |  I_O  |   1  |L4  |    *   |LVCMOS18         | Output|o_DIS2_0_   |
89    | IN5   |   1  |    |        |                 |       |            |
90    | NC    |   -  |    |        |                 |       |            |
91    |VCCIO1 |   -  |    |        |                 |       |            |
92    | IN6   |   1  |    |        |                 |       |            |
93    |  I_O  |   1  |M2  |    *   |LVCMOS18         | Output|o_DIS2_1_   |
94    |  I_O  |   1  |M4  |    *   |LVCMOS18         | Output|o_DIS2_2_   |
95    |  I_O  |   1  |M6  |    *   |LVCMOS18         | Output|o_DIS2_3_   |
96    |  I_O  |   1  |M8  |    *   |LVCMOS18         | Output|o_DIS2_4_   |
97    |  I_O  |   1  |M10 |    *   |LVCMOS18         | Output|o_DIS2_5_   |
98    |  I_O  |   1  |M12 |    *   |LVCMOS18         | Output|o_DIS2_6_   |
99    |GNDIO1 |   -  |    |        |                 |       |            |
100   |  I_O  |   1  |N2  |    *   |LVCMOS18         | Output|o_BOTRED_0_ |
101   |  I_O  |   1  |N4  |    *   |LVCMOS18         | Output|o_BOTRED_1_ |
102   |  I_O  |   1  |N6  |    *   |LVCMOS18         | Output|o_BOTRED_2_ |
103   |  I_O  |   1  |N8  |    *   |LVCMOS18         | Output|o_BOTRED_3_ |
104   |  I_O  |   1  |N10 |    *   |LVCMOS18         | Output|o_BOTRED_4_ |
105   |  I_O  |   1  |N12 |    *   |LVCMOS18         | Output|o_BOTRED_5_ |
106   |VCCIO1 |   -  |    |        |                 |       |            |
107   | TDO   |   -  |    |        |                 |       |            |
108   | VCC   |   -  |    |        |                 |       |            |
109   | GND   |   -  |    |        |                 |       |            |
110   | IN7   |   1  |    |        |                 |       |            |
111   |  I_O  |   1  |O12 |    *   |LVCMOS18         | Output|o_BOTRED_6_ |
112   |  I_O  |   1  |O10 |    *   |LVCMOS18         | Output|o_BOTRED_7_ |
113   |  I_O  |   1  |O8  |        |                 |       |            |
114   |  I_O  |   1  |O6  |        |                 |       |            |
115   |  I_O  |   1  |O4  |        |                 |       |            |
116   |  I_O  |   1  |O2  |    *   |LVCMOS18         | Output|o_DIS3_0_   |
117   | IN8   |   1  |    |        |                 |       |            |
118   |GNDIO1 |   -  |    |        |                 |       |            |
119   |VCCIO1 |   -  |    |        |                 |       |            |
120   |  I_O  |   1  |P12 |    *   |LVCMOS18         | Output|o_DIS3_1_   |
121   |  I_O  |   1  |P10 |    *   |LVCMOS18         | Output|o_DIS3_2_   |
122   |  I_O  |   1  |P8  |    *   |LVCMOS18         | Output|o_DIS3_3_   |
123   |  I_O  |   1  |P6  |    *   |LVCMOS18         | Output|o_DIS3_4_   |
124   |  I_O  |   1  |P4  |    *   |LVCMOS18         | Output|o_DIS3_5_   |
125   | I_O/OE|   1  |P2  |    *   |LVCMOS18         | Output|o_DIS3_6_   |
126   |INCLK3 |   1  |    |        |                 |       |            |
127   |GNDIO0 |   -  |    |        |                 |       |            |
128   |INCLK0 |   0  |    |        |                 |       |            |
129   | VCC   |   -  |    |        |                 |       |            |
130   | I_O/OE|   0  |A2  |    *   |LVCMOS18         | Output|o_MIDRED_7_ |
131   |  I_O  |   0  |A4  |    *   |LVCMOS18         | Output|o_MIDRED_6_ |
132   |  I_O  |   0  |A6  |    *   |LVCMOS18         | Output|o_MIDRED_5_ |
133   |  I_O  |   0  |A8  |    *   |LVCMOS18         | Output|o_MIDRED_4_ |
134   |  I_O  |   0  |A10 |    *   |LVCMOS18         | Output|o_MIDRED_3_ |
135   |  I_O  |   0  |A12 |    *   |LVCMOS18         | Output|o_MIDRED_2_ |
136   |VCCIO0 |   -  |    |        |                 |       |            |
137   |GNDIO0 |   -  |    |        |                 |       |            |
138   |  I_O  |   0  |B2  |    *   |LVCMOS18         | Output|o_MIDRED_1_ |
139   |  I_O  |   0  |B4  |    *   |LVCMOS18         | Output|o_MIDRED_0_ |
140   |  I_O  |   0  |B6  |    *   |LVCMOS18         | Output|o_JUMBO_0_  |
141   |  I_O  |   0  |B8  |    *   |LVCMOS18         | Output|o_JUMBO_1_  |
142   |  I_O  |   0  |B10 |    *   |LVCMOS18         | Output|o_JUMBO_2_  |
143   |  I_O  |   0  |B12 |        |                 |       |            |
144   | IN9   |   0  |    |        |                 |       |            |
--------------------------------------------------------------------------------------------------

<Note> GLB Pad : This notation refers to the GLB I/O pad number in the device.
<Note> Assigned Pin : user or dedicated input assignment (E.g. Clock pins).
<Note> Pin Type : 
          ClkIn : Dedicated input or clock pin 
           CLK  : Dedicated clock pin
           I_O  : Input/Output pin
           INP  : Dedicated input pin
           JTAG : JTAG Control and test pin
           NC   : No connected



Input_Signal_List
~~~~~~~~~~~~~~~~~
                Input
         Pin    Fanout
 Pin GLB Type                       Pullup Signal
--------------------------------------------------
  79   K  I/O   1  -------------N--    Down DIP_0_
  78   K  I/O   1  -------------N--    Down DIP_1_
  77   K  I/O   1  -------------N--    Down DIP_2_
  76   K  I/O   1  -------------N--    Down DIP_3_
  23   E  I/O   5  ------GH----MN-P    Down DIP_4_
  24   E  I/O   3  -----FG------N--    Down DIP_5_
  25   E  I/O   1  --------------O-    Down DIP_6_
  26   E  I/O   5  ----E--H-J--M-O-    Down DIP_7_
  58   I  I/O   1  --------I-------    Down i_S1_NC
  59   I  I/O   1  --------I-------    Down i_S1_NO
  60   I  I/O   1  --------I-------    Down i_S2_NC
  61   I  I/O   1  --------I-------    Down i_S2_NO
--------------------------------------------------



Output_Signal_List
~~~~~~~~~~~~~~~~~~
          I         C      P R P       O Output
          N         L Mc   R E U C O F B Fanout
 Pin GLB  P LL PTs  S Type E S P E E P P                     Slew Pullup Signal
----------------------------------------------------------------------------------------
 100   N  1  1   1  1 COM                   ----------------  Fast   Down o_BOTRED_0_
 101   N  1  1   1  1 COM                   ----------------  Fast   Down o_BOTRED_1_
 102   N  1  1   1  1 COM                   ----------------  Fast   Down o_BOTRED_2_
 103   N  1  1   1  1 COM                   ----------------  Fast   Down o_BOTRED_3_
 104   N  1  1   1  1 COM                   ----------------  Fast   Down o_BOTRED_4_
 105   N  1  1   1  1 COM                   ----------------  Fast   Down o_BOTRED_5_
 111   O  1  1   1  1 COM                   ----------------  Fast   Down o_BOTRED_6_
 112   O  1  1   1  1 COM                   ----------------  Fast   Down o_BOTRED_7_
  80   K  3  -   1  1 DFF  *   S            ----------------  Fast   Down o_DIS1_0_
  81   K  3  -   1  1 DFF  *   S            ----------------  Fast   Down o_DIS1_1_
  83   L  3  -   1  1 DFF  *   S            ----------------  Fast   Down o_DIS1_2_
  84   L  3  -   1  1 DFF  *   S            ----------------  Fast   Down o_DIS1_3_
  85   L  3  -   1  1 DFF  *   S            ----------------  Fast   Down o_DIS1_4_
  86   L  3  -   1  1 DFF  *   S            ----------------  Fast   Down o_DIS1_5_
  87   L  3  -   1  1 DFF  *   S            ----------------  Fast   Down o_DIS1_6_
  88   L  3  -   1  1 DFF  *   S            ----------------  Fast   Down o_DIS2_0_
  93   M  3  -   1  1 DFF  *   S            ----------------  Fast   Down o_DIS2_1_
  94   M  3  -   1  1 DFF  *   S            ----------------  Fast   Down o_DIS2_2_
  95   M  3  -   1  1 DFF  *   S            ----------------  Fast   Down o_DIS2_3_
  96   M  3  -   1  1 DFF  *   S            ----------------  Fast   Down o_DIS2_4_
  97   M  3  -   1  1 DFF  *   S            ----------------  Fast   Down o_DIS2_5_
  98   M  3  -   1  1 DFF  *   S            ----------------  Fast   Down o_DIS2_6_
 116   O  3  -   1  1 DFF  *   S            ----------------  Fast   Down o_DIS3_0_
 120   P  3  -   1  1 DFF  *   S            ----------------  Fast   Down o_DIS3_1_
 121   P  3  -   1  1 DFF  *   S            ----------------  Fast   Down o_DIS3_2_
 122   P  3  -   1  1 DFF  *   S            ----------------  Fast   Down o_DIS3_3_
 123   P  3  -   1  1 DFF  *   S            ----------------  Fast   Down o_DIS3_4_
 124   P  3  -   1  1 DFF  *   S            ----------------  Fast   Down o_DIS3_5_
 125   P  3  -   1  1 DFF  *   S            ----------------  Fast   Down o_DIS3_6_
  53   H  3  -   1  1 DFF  *   S            ----------------  Fast   Down o_DIS4_0_
  52   H  3  -   1  1 DFF  *   S            ----------------  Fast   Down o_DIS4_1_
  51   H  3  -   1  1 DFF  *   S            ----------------  Fast   Down o_DIS4_2_
  50   H  3  -   1  1 DFF  *   S            ----------------  Fast   Down o_DIS4_3_
  49   H  3  -   1  1 DFF  *   S            ----------------  Fast   Down o_DIS4_4_
  48   H  3  -   1  1 DFF  *   S            ----------------  Fast   Down o_DIS4_5_
  44   G  3  -   1  1 DFF  *   S            ----------------  Fast   Down o_DIS4_6_
 140   B  5  -   1  1 COM                   ----------------  Fast   Down o_JUMBO_0_
 141   B  4  -   2  1 COM                1  -B--------------  Fast   Down o_JUMBO_1_
 142   B  4  -   1  1 COM                   ----------------  Fast   Down o_JUMBO_2_
  63   I  2  -   2  1 DFF  * * R            ----------------  Fast   Down o_LED_YELLOW_0_
  62   I  2  -   2  1 DFF  * * R            ----------------  Fast   Down o_LED_YELLOW_1_
 139   B  9  1   3  1 DFF    * R            ----------------  Fast   Down o_MIDRED_0_
 138   B  9  1   5  1 DFF    * R            ----------------  Fast   Down o_MIDRED_1_
 135   A  9  1   5  1 DFF  *   S            ----------------  Fast   Down o_MIDRED_2_
 134   A  9  1   5  1 DFF    * R            ----------------  Fast   Down o_MIDRED_3_
 133   A  9  1   5  1 DFF  *   S            ----------------  Fast   Down o_MIDRED_4_
 132   A  9  1   5  1 DFF    * R            ----------------  Fast   Down o_MIDRED_5_
 131   A  9  1   5  1 DFF  *   S            ----------------  Fast   Down o_MIDRED_6_
 130   A  9  1   5  1 DFF    * R            ----------------  Fast   Down o_MIDRED_7_
  40   G  2  1   1  1 COM                   ----------------  Fast   Down o_TOPRED_0_
  39   G  2  1   1  1 COM                   ----------------  Fast   Down o_TOPRED_1_
  33   F  2  1   1  1 COM                   ----------------  Fast   Down o_TOPRED_2_
  32   F  2  1   1  1 COM                   ----------------  Fast   Down o_TOPRED_3_
  31   F  2  1   1  1 COM                   ----------------  Fast   Down o_TOPRED_4_
  30   F  2  1   1  1 COM                   ----------------  Fast   Down o_TOPRED_5_
  29   F  2  1   1  1 COM                   ----------------  Fast   Down o_TOPRED_6_
  28   F  2  1   1  1 COM                   ----------------  Fast   Down o_TOPRED_7_
----------------------------------------------------------------------------------------

<Note> CLS = Number of clusters used
       INP = Number of input signals
       PTs = Number of product terms
        LL = Number of logic levels
       PRE = Has preset equation
       RES = Has reset equation
       PUP = Power-Up initial state: R=Reset, S=Set
        CE = Has clock enable equation
        OE = Has output enable equation
        FP = Fast path used
       OBP = ORP bypass used



Bidir_Signal_List
~~~~~~~~~~~~~~~~~
          I         C      P R P       O Bidir
          N         L Mc   R E U C O F B Fanout
 Pin GLB  P LL PTs  S Type E S P E E P P                     Slew Pullup Signal
-------------------------------------------------------------------------------
-------------------------------------------------------------------------------

<Note> CLS = Number of clusters used
       INP = Number of input signals
       PTs = Number of product terms
        LL = Number of logic levels
       PRE = Has preset equation
       RES = Has reset equation
       PUP = Power-Up initial state: R=Reset, S=Set
        CE = Has clock enable equation
        OE = Has output enable equation
        FP = Fast path used
       OBP = ORP bypass used



Buried_Signal_List
~~~~~~~~~~~~~~~~~~
        I         C      P R P       Node
        N         L Mc   R E U C I F Fanout
Mc GLB  P LL PTs  S Type E S P E R P                     Signal
------------------------------------------------------------------------------------
 3   B  3  -   2  1 DFF    * R       1  -B--------------  FDIVBY2_clk_out
 5   B  3  -   2  1 DFF    * R       11 -B-D-FGH--KLMNOP  FDIVBY4_clk_out
 4   I  2  -   3  1 DFF  * * S       14 AB-DEFGH-JKLMNOP  LFTPB_Q
 5   I  2  -   3  1 DFF  * * R       7  AB--E--H-JK-M---  RGTPB_Q
 3   N 12  1  11  3 DFF  * * R       8  --CD-FG-I--L-NO-  STEP1A_CQ_0_
 9   D  4  -   2  1 COM              1  -------------N--  STEP1A_CQ_0__0
 3   L 12  1  15  3 DFF  * * R       8  --CD-FG-I--L-NO-  STEP1A_CQ_1_
 7   O  5  -   2  1 COM              1  -----------L----  STEP1A_CQ_1__0
 3   D 11  1  12  3 DFF    * R       8  --CD-FG-I--L-NO-  STEP1A_CQ_2_
 3   F 12  1  11  3 DFF  * * R       8  --CD-FG-I--L-NO-  STEP1A_CQ_3_
12   B  4  -   2  1 COM              1  -----F----------  STEP1A_CQ_3__0
 6   O 11  1   2  1 DFF    * R       7  --CD-F--I--L-NO-  STEP1A_CQ_4_
 2   C  8  -   3  1 LAT  * * R       1  ----------K-----  STEP1A_outCHAR_1_0_
 3   I  7  -   4  1 COM              1  --C-------------  STEP1A_outCHAR_1_0__0
 5   D  8  -   4  2 LAT  * * R       1  ----------K-----  STEP1A_outCHAR_1_1_
 9   I  2  -   1  1 COM              1  ---D------------  STEP1A_outCHAR_1_1__0
 9   C  2  -   1  1 COM              1  ---D------------  STEP1A_outCHAR_1_1__1
12   D  5  -   1  1 LAT  *   S       1  -----------L----  STEP1A_outCHAR_1_2_
 0   C  8  -   4  1 LAT  * * R       1  -----------L----  STEP1A_outCHAR_1_3_
 6   I  6  -   3  1 COM              1  --C-------------  STEP1A_outCHAR_1_3__0
 3   C  6  -   3  1 COM              1  --C-------------  STEP1A_outCHAR_1_3__1
 1   C  6  -   3  1 LAT  * * R       1  -----------L----  STEP1A_outCHAR_1_4_
 5   F  6  -   4  1 COM              1  --C-------------  STEP1A_outCHAR_1_4__0
12   N  5  -   2  1 COM              1  --C-------------  STEP1A_outCHAR_1_4__1
 1   D  4  -   2  1 LAT  * * R       1  -----------L----  STEP1A_outCHAR_1_5_
10   I  2  -   1  1 COM              1  ---D------------  STEP1A_outCHAR_1_5__0
 7   D  8  -   4  1 LAT  * * R       1  -----------L----  STEP1A_outCHAR_1_6_
12   I  2  -   1  1 COM              1  ---D------------  STEP1A_outCHAR_1_6__0
 8   I  6  -   2  1 COM              1  ---D------------  STEP1A_outCHAR_1_6__1
 9   K  3  -   1  1 DFF    * R       1  -----------L----  STEP1B_outDISP_0_
12   M  3  -   1  1 DFF    * R       2  -B-------------P  STEP1B_outDISP_10_
13   M  3  -   1  1 DFF    * R       1  ---------------P  STEP1B_outDISP_11_
14   M  3  -   1  1 DFF    * R       2  -B-------------P  STEP1B_outDISP_12_
15   M  3  -   1  1 DFF    * R       1  ---------------P  STEP1B_outDISP_13_
 8   O  3  -   1  1 DFF    * R       1  -------H--------  STEP1B_outDISP_14_
10   P  3  -   1  1 DFF    * R       1  -------H--------  STEP1B_outDISP_15_
11   P  3  -   1  1 DFF    * R       1  -------H--------  STEP1B_outDISP_16_
 7   B  3  -   2  1 DFF    * R       1  -------H--------  STEP1B_outDISP_17_
12   P  3  -   1  1 DFF    * R       1  -------H--------  STEP1B_outDISP_18_
 9   B  3  -   2  1 DFF    * R       1  -------H--------  STEP1B_outDISP_19_
12   K  3  -   1  1 DFF    * R       1  ------------M---  STEP1B_outDISP_1_
13   P  3  -   1  1 DFF    * R       1  ------G---------  STEP1B_outDISP_20_
 9   L  3  -   1  1 DFF    * R       1  ------------M---  STEP1B_outDISP_2_
10   L  3  -   1  1 DFF    * R       1  ------------M---  STEP1B_outDISP_3_
11   L  3  -   1  1 DFF    * R       1  ------------M---  STEP1B_outDISP_4_
12   L  3  -   1  1 DFF    * R       1  ------------M---  STEP1B_outDISP_5_
13   L  3  -   1  1 DFF    * R       1  ------------M---  STEP1B_outDISP_6_
14   L  3  -   1  1 DFF    * R       1  --------------O-  STEP1B_outDISP_7_
 5   M  3  -   1  1 DFF    * R       1  ---------------P  STEP1B_outDISP_8_
 7   M  3  -   1  1 DFF    * R       1  ---------------P  STEP1B_outDISP_9_
 3   K  7  1   4  1 DFF    * R *     7  AB--E--H-JK-M---  STEP2_next_count_state_0_
10   B  4  -   2  1 COM              1  ----------K-----  STEP2_next_count_state_0__0
 0   K  8  1   5  1 DFF    * R *     7  AB--E--H-JK-M---  STEP2_next_count_state_1_
 1   K  9  1   6  2 DFF    * R *     7  AB--E--H-JK-M---  STEP2_next_count_state_2_
 3   G  5  -   3  1 DFF  *   S *     6  ----E-GH-J--M--P  STEP3_qcombo_0_
 5   G  5  -   3  1 DFF    * R *     6  ----E-GH-J--M--P  STEP3_qcombo_1_
 3   M  5  -   3  1 DFF    * R *     6  ----EF-H-J--M--P  STEP3_qcombo_2_
 7   P  5  -   3  1 DFF    * R *     6  ----EF-H-J--M--P  STEP3_qcombo_3_
 3   P  6  -   5  1 TFF    * R *     5  ----EF-H-J--M---  STEP3_qcombo_4_
12   H  5  -   3  1 DFF    * R *     6  ----EF-H-J--M--P  STEP3_qcombo_5_
 9   P  5  -   3  1 DFF    * R *     6  ----EF-H-J--M--P  STEP3_qcombo_6_
 5   P  6  -   5  1 TFF    * R *     6  ----EFGH-J--M---  STEP3_qcombo_7_
 9   M 18  1  20  4 DFF  * * R       10 -B-DEF-H-J-LMNO-  STEP5_next_qstate_0_
 7   F  3  -   2  1 COM              1  ------------M---  STEP5_next_qstate_0__0
 9   J 19  1  20  4 DFF  * * R       11 AB-DEF-H-JKL-NO-  STEP5_next_qstate_1_
 9   F  3  -   2  1 COM              1  ---------J------  STEP5_next_qstate_1__0
 7   E 20  1  21  5 DFF  * * R       10 AB-DEF-H--KL-NO-  STEP5_next_qstate_2_
 7   K  3  -   2  1 COM              1  ----E-----------  STEP5_next_qstate_2__0
 7   H 19  1  21  5 DFF  * * R       12 AB-DEF-H-JKLMNO-  STEP5_next_qstate_3_
 7   N  6  -   3  1 COM              1  -------H--------  STEP5_next_qstate_3__0
11   E  6  -   3  1 COM              1  -------H--------  STEP5_next_qstate_3__1
 1   B  2  1   3  1 LAT      R       2  AB--------------  STEP5_outEN
15   F  0  -   0  1 COM              1  -B--------------  _dup_gnd_n_n
15   C  0  -   0  1 COM                 ----------------  gnd_n_n
12   O  4  -   1  1 COM              2  --------I----N--  step1a_outchar14_m_6_i_n
 4   L  4  -   2  1 COM              2  --C-----I-------  step1a_un1_cq_23_m_i_0_n
 9   G  4  -   2  1 COM              1  --------I-------  step1a_un1_cq_25_m_i_n
12   G  4  -   2  1 COM              1  ---D------------  step1a_un1_cq_28_n
 7   G  3  -   2  1 COM              1  --------I-------  step1a_un1_cq_30_0_1_n
 7   C  5  -   2  1 COM              1  --------I-------  step1a_un1_cq_31_1_i_n
 2   I  6  -   5  1 COM              1  ---D------------  step1a_un1_cq_32_0_n
 4   O  5  -   2  1 COM              1  -------------N--  step1a_un1_cq_33_0_1_n
 5   C  6  -   2  1 COM              1  --C-------------  step1a_un1_cq_35_0_2_n
 5   O  5  -   2  1 COM              1  --C-------------  step1a_un1_cq_36_0_1_n
 3   O  5  -   4  1 COM              2  --CD------------  step1a_un1_cq_inv_12_n
 5   N  5  -   3  1 COM              2  -----F--I-------  step1a_un1_outchar14_1_m_n
 7   I  5  -   2  1 COM              1  --C-------------  step1a_un1_outchar14_2_n
 9   O  2  -   1  1 COM              6  ----EF---JK-MN--  step5_un1_arst_1_n
15   F  0  -   0  0 COM              1  -B--------------  tmr_out
------------------------------------------------------------------------------------

<Note> CLS = Number of clusters used
       INP = Number of input signals
       PTs = Number of product terms
        LL = Number of logic levels
       PRE = Has preset equation
       RES = Has reset equation
       PUP = Power-Up initial state: R=Reset, S=Set
        CE = Has clock enable equation
        OE = Has output enable equation
        IR = Input register
        FP = Fast path used
       OBP = ORP bypass used



PostFit_Equations
~~~~~~~~~~~~~~~~~

FDIVBY2_clk_out.D = !FDIVBY2_clk_out.Q ; (1 pterm, 1 signal)
FDIVBY2_clk_out.C = tmr_out ; (1 pterm, 1 signal)
FDIVBY2_clk_out.AR = LFTPB_Q.Q ; (1 pterm, 1 signal)

FDIVBY4_clk_out.D = !FDIVBY4_clk_out.Q ; (1 pterm, 1 signal)
FDIVBY4_clk_out.C = FDIVBY2_clk_out.Q ; (1 pterm, 1 signal)
FDIVBY4_clk_out.AR = LFTPB_Q.Q ; (1 pterm, 1 signal)

LFTPB_Q.D = 1 ; (1 pterm, 0 signal)
LFTPB_Q.C = !i_S2_NO ; (1 pterm, 1 signal)
LFTPB_Q.AR = !i_S2_NC ; (1 pterm, 1 signal)
LFTPB_Q.AP = !i_S2_NO ; (1 pterm, 1 signal)

RGTPB_Q.D = 1 ; (1 pterm, 0 signal)
RGTPB_Q.C = !i_S1_NO ; (1 pterm, 1 signal)
RGTPB_Q.AR = !i_S1_NC ; (1 pterm, 1 signal)
RGTPB_Q.AP = !i_S1_NO ; (1 pterm, 1 signal)

STEP1A_CQ_0_.D.X1 = !STEP5_next_qstate_3_.Q & STEP5_next_qstate_0_.Q
       & !STEP5_next_qstate_1_.Q & !STEP5_next_qstate_2_.Q
    # !STEP5_next_qstate_3_.Q & !STEP5_next_qstate_1_.Q
       & !STEP5_next_qstate_2_.Q & STEP1A_CQ_0_.Q & !STEP1A_CQ_3_.Q
       & !STEP1A_CQ_4_.Q
    # !STEP5_next_qstate_1_.Q & !STEP5_next_qstate_2_.Q & STEP1A_CQ_0_.Q
       & !STEP1A_CQ_3_.Q & !STEP1A_CQ_4_.Q & !STEP1A_CQ_1_.Q & !STEP1A_CQ_2_.Q
    # STEP5_next_qstate_0_.Q & !STEP5_next_qstate_1_.Q
       & !STEP5_next_qstate_2_.Q & !STEP1A_CQ_0_.Q & !STEP1A_CQ_3_.Q
       & STEP1A_CQ_4_.Q & STEP1A_CQ_1_.Q
    # STEP5_next_qstate_0_.Q & !STEP5_next_qstate_1_.Q
       & !STEP5_next_qstate_2_.Q & STEP1A_CQ_0_.Q & !STEP1A_CQ_3_.Q
       & STEP1A_CQ_4_.Q & !STEP1A_CQ_1_.Q
    # !STEP5_next_qstate_3_.Q & !STEP5_next_qstate_1_.Q
       & !STEP5_next_qstate_2_.Q & !STEP1A_CQ_0_.Q & STEP1A_CQ_3_.Q
       & !STEP1A_CQ_4_.Q & !STEP1A_CQ_1_.Q & !STEP1A_CQ_2_.Q
    # STEP5_next_qstate_3_.Q & !STEP5_next_qstate_0_.Q
       & !STEP5_next_qstate_1_.Q & !STEP5_next_qstate_2_.Q & STEP1A_CQ_0_.Q
       & STEP1A_CQ_3_.Q & !STEP1A_CQ_4_.Q & !STEP1A_CQ_2_.Q
    # STEP5_next_qstate_3_.Q & !STEP5_next_qstate_0_.Q
       & !STEP5_next_qstate_1_.Q & !STEP5_next_qstate_2_.Q & STEP1A_CQ_3_.Q
       & !STEP1A_CQ_4_.Q & STEP1A_CQ_1_.Q & !STEP1A_CQ_2_.Q
    # STEP5_next_qstate_0_.Q & !STEP5_next_qstate_1_.Q
       & !STEP5_next_qstate_2_.Q & STEP1A_CQ_0_.Q & STEP1A_CQ_3_.Q
       & STEP1A_CQ_1_.Q & STEP1A_CQ_2_.Q ; (9 pterms, 9 signals)
STEP1A_CQ_0_.D.X2 = !STEP5_next_qstate_1_.Q & !STEP5_next_qstate_2_.Q ; (1 pterm, 2 signals)
STEP1A_CQ_0_.C = FDIVBY4_clk_out.Q ; (1 pterm, 1 signal)
STEP1A_CQ_0_.AR = STEP1A_CQ_0__0 ; (1 pterm, 1 signal)
STEP1A_CQ_0_.AP = LFTPB_Q.Q & !STEP5_next_qstate_0_.Q
       & !STEP5_next_qstate_1_.Q & !STEP5_next_qstate_2_.Q ; (1 pterm, 4 signals)

STEP1A_CQ_0__0 = !( !LFTPB_Q.Q
    # !STEP5_next_qstate_0_.Q & !STEP5_next_qstate_1_.Q
       & !STEP5_next_qstate_2_.Q ) ; (2 pterms, 4 signals)

STEP1A_CQ_1_.D = !STEP5_next_qstate_3_.Q & !STEP5_next_qstate_0_.Q
       & !STEP5_next_qstate_1_.Q & !STEP5_next_qstate_2_.Q & STEP1A_CQ_3_.Q
       & STEP1A_CQ_1_.Q
    # STEP5_next_qstate_3_.Q & STEP5_next_qstate_0_.Q
       & !STEP5_next_qstate_1_.Q & !STEP5_next_qstate_2_.Q & !STEP1A_CQ_3_.Q
       & !STEP1A_CQ_4_.Q & STEP1A_CQ_1_.Q
    # STEP5_next_qstate_3_.Q & STEP5_next_qstate_0_.Q
       & !STEP5_next_qstate_1_.Q & !STEP5_next_qstate_2_.Q & !STEP1A_CQ_3_.Q
       & !STEP1A_CQ_4_.Q & STEP1A_CQ_2_.Q
    # !STEP5_next_qstate_0_.Q & !STEP5_next_qstate_1_.Q
       & !STEP5_next_qstate_2_.Q & STEP1A_CQ_0_.Q & !STEP1A_CQ_4_.Q
       & !STEP1A_CQ_1_.Q & !STEP1A_CQ_2_.Q
    # !STEP5_next_qstate_0_.Q & !STEP5_next_qstate_1_.Q
       & !STEP5_next_qstate_2_.Q & !STEP1A_CQ_0_.Q & STEP1A_CQ_3_.Q
       & STEP1A_CQ_1_.Q & STEP1A_CQ_2_.Q
    # !STEP5_next_qstate_0_.Q & !STEP5_next_qstate_1_.Q
       & !STEP5_next_qstate_2_.Q & !STEP1A_CQ_0_.Q & STEP1A_CQ_3_.Q
       & !STEP1A_CQ_4_.Q & STEP1A_CQ_1_.Q
    # STEP5_next_qstate_3_.Q & STEP5_next_qstate_0_.Q
       & !STEP5_next_qstate_1_.Q & !STEP5_next_qstate_2_.Q & STEP1A_CQ_3_.Q
       & !STEP1A_CQ_2_.Q
    # STEP5_next_qstate_3_.Q & STEP5_next_qstate_0_.Q
       & !STEP5_next_qstate_1_.Q & !STEP5_next_qstate_2_.Q & STEP1A_CQ_0_.Q
       & !STEP1A_CQ_3_.Q
    # STEP5_next_qstate_3_.Q & STEP5_next_qstate_0_.Q
       & !STEP5_next_qstate_1_.Q & !STEP5_next_qstate_2_.Q & !STEP1A_CQ_0_.Q
       & STEP1A_CQ_3_.Q
    # !STEP5_next_qstate_3_.Q & !STEP5_next_qstate_0_.Q
       & !STEP5_next_qstate_1_.Q & !STEP5_next_qstate_2_.Q & STEP1A_CQ_0_.Q
       & !STEP1A_CQ_1_.Q
    # !STEP5_next_qstate_3_.Q & !STEP5_next_qstate_0_.Q
       & !STEP5_next_qstate_1_.Q & !STEP5_next_qstate_2_.Q & !STEP1A_CQ_0_.Q
       & STEP1A_CQ_1_.Q
    # !STEP5_next_qstate_3_.Q & !STEP5_next_qstate_0_.Q
       & !STEP5_next_qstate_1_.Q & !STEP5_next_qstate_2_.Q & STEP1A_CQ_4_.Q
    # !STEP5_next_qstate_3_.Q & !STEP5_next_qstate_0_.Q
       & !STEP5_next_qstate_1_.Q & !STEP5_next_qstate_2_.Q & STEP1A_CQ_3_.Q
       & STEP1A_CQ_2_.Q ; (13 pterms, 9 signals)
STEP1A_CQ_1_.C = FDIVBY4_clk_out.Q ; (1 pterm, 1 signal)
STEP1A_CQ_1_.AR = STEP1A_CQ_1__0 ; (1 pterm, 1 signal)
STEP1A_CQ_1_.AP = LFTPB_Q.Q & !STEP5_next_qstate_3_.Q
       & !STEP5_next_qstate_0_.Q & !STEP5_next_qstate_1_.Q
       & !STEP5_next_qstate_2_.Q ; (1 pterm, 5 signals)

STEP1A_CQ_1__0 = !( !LFTPB_Q.Q
    # !STEP5_next_qstate_3_.Q & !STEP5_next_qstate_0_.Q
       & !STEP5_next_qstate_1_.Q & !STEP5_next_qstate_2_.Q ) ; (2 pterms, 5 signals)

STEP1A_CQ_2_.D = STEP5_next_qstate_3_.Q & STEP5_next_qstate_0_.Q
       & !STEP5_next_qstate_1_.Q & !STEP5_next_qstate_2_.Q & !STEP1A_CQ_3_.Q
       & !STEP1A_CQ_4_.Q & STEP1A_CQ_1_.Q
    # !STEP5_next_qstate_3_.Q & !STEP5_next_qstate_0_.Q
       & !STEP5_next_qstate_1_.Q & !STEP5_next_qstate_2_.Q & STEP1A_CQ_0_.Q
       & !STEP1A_CQ_3_.Q & !STEP1A_CQ_4_.Q & STEP1A_CQ_1_.Q & !STEP1A_CQ_2_.Q
    # STEP5_next_qstate_3_.Q & !STEP5_next_qstate_1_.Q
       & !STEP5_next_qstate_2_.Q & !STEP1A_CQ_0_.Q & STEP1A_CQ_3_.Q
       & !STEP1A_CQ_4_.Q & STEP1A_CQ_1_.Q & !STEP1A_CQ_2_.Q
    # !STEP5_next_qstate_3_.Q & !STEP5_next_qstate_0_.Q
       & !STEP5_next_qstate_1_.Q & !STEP5_next_qstate_2_.Q & !STEP1A_CQ_3_.Q
       & !STEP1A_CQ_4_.Q & !STEP1A_CQ_1_.Q & STEP1A_CQ_2_.Q
    # !STEP5_next_qstate_3_.Q & !STEP5_next_qstate_0_.Q
       & !STEP5_next_qstate_1_.Q & !STEP5_next_qstate_2_.Q & !STEP1A_CQ_0_.Q
       & !STEP1A_CQ_3_.Q & !STEP1A_CQ_4_.Q & STEP1A_CQ_2_.Q
    # STEP5_next_qstate_3_.Q & STEP5_next_qstate_0_.Q
       & !STEP5_next_qstate_1_.Q & !STEP5_next_qstate_2_.Q & !STEP1A_CQ_0_.Q
       & STEP1A_CQ_4_.Q & !STEP1A_CQ_1_.Q
    # STEP5_next_qstate_3_.Q & STEP5_next_qstate_0_.Q
       & !STEP5_next_qstate_1_.Q & !STEP5_next_qstate_2_.Q & STEP1A_CQ_0_.Q
       & !STEP1A_CQ_3_.Q & STEP1A_CQ_1_.Q
    # STEP5_next_qstate_3_.Q & STEP5_next_qstate_0_.Q
       & !STEP5_next_qstate_1_.Q & !STEP5_next_qstate_2_.Q & !STEP1A_CQ_0_.Q
       & STEP1A_CQ_3_.Q
    # STEP5_next_qstate_3_.Q & STEP5_next_qstate_0_.Q
       & !STEP5_next_qstate_1_.Q & !STEP5_next_qstate_2_.Q & !STEP1A_CQ_3_.Q
       & !STEP1A_CQ_4_.Q & STEP1A_CQ_2_.Q
    # STEP5_next_qstate_3_.Q & STEP5_next_qstate_0_.Q
       & !STEP5_next_qstate_1_.Q & !STEP5_next_qstate_2_.Q & STEP1A_CQ_3_.Q
       & !STEP1A_CQ_2_.Q ; (10 pterms, 9 signals)
STEP1A_CQ_2_.C = FDIVBY4_clk_out.Q ; (1 pterm, 1 signal)
STEP1A_CQ_2_.AR = LFTPB_Q.Q ; (1 pterm, 1 signal)

STEP1A_CQ_3_.D = STEP5_next_qstate_3_.Q & !STEP5_next_qstate_0_.Q
       & !STEP5_next_qstate_1_.Q & !STEP5_next_qstate_2_.Q & STEP1A_CQ_3_.Q
       & !STEP1A_CQ_1_.Q
    # STEP5_next_qstate_3_.Q & !STEP5_next_qstate_1_.Q
       & !STEP5_next_qstate_2_.Q & !STEP1A_CQ_3_.Q & !STEP1A_CQ_4_.Q
       & STEP1A_CQ_1_.Q
    # STEP5_next_qstate_3_.Q & STEP5_next_qstate_0_.Q
       & !STEP5_next_qstate_1_.Q & !STEP5_next_qstate_2_.Q & STEP1A_CQ_3_.Q
       & !STEP1A_CQ_2_.Q
    # !STEP5_next_qstate_0_.Q & !STEP5_next_qstate_1_.Q
       & !STEP5_next_qstate_2_.Q & STEP1A_CQ_0_.Q & !STEP1A_CQ_3_.Q
       & !STEP1A_CQ_4_.Q & STEP1A_CQ_1_.Q & STEP1A_CQ_2_.Q
    # STEP5_next_qstate_3_.Q & !STEP5_next_qstate_1_.Q
       & !STEP5_next_qstate_2_.Q & STEP1A_CQ_0_.Q & !STEP1A_CQ_3_.Q
       & STEP1A_CQ_1_.Q
    # STEP5_next_qstate_3_.Q & !STEP5_next_qstate_1_.Q
       & !STEP5_next_qstate_2_.Q & !STEP1A_CQ_0_.Q & STEP1A_CQ_4_.Q
       & !STEP1A_CQ_1_.Q
    # STEP5_next_qstate_3_.Q & !STEP5_next_qstate_1_.Q
       & !STEP5_next_qstate_2_.Q & !STEP1A_CQ_3_.Q & !STEP1A_CQ_4_.Q
       & STEP1A_CQ_2_.Q
    # STEP5_next_qstate_3_.Q & !STEP5_next_qstate_1_.Q
       & !STEP5_next_qstate_2_.Q & !STEP1A_CQ_0_.Q & STEP1A_CQ_3_.Q
    # STEP5_next_qstate_3_.Q & !STEP5_next_qstate_0_.Q
       & !STEP5_next_qstate_1_.Q & !STEP5_next_qstate_2_.Q & STEP1A_CQ_2_.Q
    # STEP5_next_qstate_3_.Q & !STEP5_next_qstate_0_.Q
       & !STEP5_next_qstate_1_.Q & !STEP5_next_qstate_2_.Q & STEP1A_CQ_4_.Q ; (10 pterms, 9 signals)
STEP1A_CQ_3_.C = FDIVBY4_clk_out.Q ; (1 pterm, 1 signal)
STEP1A_CQ_3_.AR = STEP1A_CQ_3__0 ; (1 pterm, 1 signal)
STEP1A_CQ_3_.AP = LFTPB_Q.Q & STEP5_next_qstate_3_.Q & !STEP5_next_qstate_1_.Q
       & !STEP5_next_qstate_2_.Q ; (1 pterm, 4 signals)

STEP1A_CQ_3__0 = !( !LFTPB_Q.Q
    # STEP5_next_qstate_3_.Q & !STEP5_next_qstate_1_.Q
       & !STEP5_next_qstate_2_.Q ) ; (2 pterms, 4 signals)

STEP1A_CQ_4_.D = STEP5_next_qstate_3_.Q & STEP5_next_qstate_0_.Q
       & !STEP5_next_qstate_1_.Q & !STEP5_next_qstate_2_.Q & STEP1A_CQ_0_.Q
       & !STEP1A_CQ_3_.Q & STEP1A_CQ_4_.Q & !STEP1A_CQ_1_.Q
    # STEP5_next_qstate_3_.Q & STEP5_next_qstate_0_.Q
       & !STEP5_next_qstate_1_.Q & !STEP5_next_qstate_2_.Q & STEP1A_CQ_0_.Q
       & STEP1A_CQ_3_.Q & STEP1A_CQ_2_.Q ; (2 pterms, 9 signals)
STEP1A_CQ_4_.C = FDIVBY4_clk_out.Q ; (1 pterm, 1 signal)
STEP1A_CQ_4_.AR = LFTPB_Q.Q ; (1 pterm, 1 signal)

STEP1A_outCHAR_1_0_.D = !( !STEP1A_CQ_3_.Q & !STEP1A_CQ_4_.Q & !STEP1A_CQ_1_.Q
       & !STEP1A_CQ_2_.Q
    # !STEP1A_CQ_0_.Q & !STEP1A_CQ_3_.Q & !STEP1A_CQ_2_.Q ) ; (2 pterms, 5 signals)
STEP1A_outCHAR_1_0_.LH = step1a_un1_cq_inv_12_n ; (1 pterm, 1 signal)
STEP1A_outCHAR_1_0_.AR = step1a_un1_outchar14_2_n ; (1 pterm, 1 signal)
STEP1A_outCHAR_1_0_.AP = STEP1A_outCHAR_1_0__0 ; (1 pterm, 1 signal)

STEP1A_outCHAR_1_0__0 = !step1a_un1_cq_25_m_i_n
    # !step1a_un1_cq_23_m_i_0_n
    # STEP1A_CQ_0_.Q & STEP1A_CQ_3_.Q & !STEP1A_CQ_4_.Q & !STEP1A_CQ_2_.Q
    # STEP1A_CQ_3_.Q & !STEP1A_CQ_4_.Q & STEP1A_CQ_1_.Q & !STEP1A_CQ_2_.Q ; (4 pterms, 7 signals)

STEP1A_outCHAR_1_1_.D = !( !STEP1A_CQ_3_.Q & !STEP1A_CQ_4_.Q & !STEP1A_CQ_1_.Q
       & !STEP1A_CQ_2_.Q
    # !STEP1A_CQ_0_.Q & !STEP1A_CQ_3_.Q & !STEP1A_CQ_2_.Q ) ; (2 pterms, 5 signals)
STEP1A_outCHAR_1_1_.LH = step1a_un1_cq_inv_12_n ; (1 pterm, 1 signal)
STEP1A_outCHAR_1_1_.AR = STEP1A_outCHAR_1_1__0 ; (1 pterm, 1 signal)
STEP1A_outCHAR_1_1_.AP = STEP1A_outCHAR_1_1__1 ; (1 pterm, 1 signal)

STEP1A_outCHAR_1_1__0 = !( step1a_un1_cq_25_m_i_n & step1a_un1_cq_31_1_i_n ) ; (1 pterm, 2 signals)

STEP1A_outCHAR_1_1__1 = !( step1a_un1_cq_36_0_1_n & !step1a_un1_outchar14_2_n ) ; (1 pterm, 2 signals)

STEP1A_outCHAR_1_2_.D = !( !STEP1A_CQ_3_.Q & !STEP1A_CQ_4_.Q & !STEP1A_CQ_2_.Q ) ; (1 pterm, 3 signals)
STEP1A_outCHAR_1_2_.LH = step1a_un1_cq_inv_12_n ; (1 pterm, 1 signal)
STEP1A_outCHAR_1_2_.AP = !step1a_un1_cq_32_0_n ; (1 pterm, 1 signal)

STEP1A_outCHAR_1_3_.D = !( !STEP1A_CQ_3_.Q & !STEP1A_CQ_4_.Q & !STEP1A_CQ_1_.Q
       & !STEP1A_CQ_2_.Q
    # !STEP1A_CQ_0_.Q & !STEP1A_CQ_3_.Q & !STEP1A_CQ_2_.Q ) ; (2 pterms, 5 signals)
STEP1A_outCHAR_1_3_.LH = step1a_un1_cq_inv_12_n ; (1 pterm, 1 signal)
STEP1A_outCHAR_1_3_.AR = STEP1A_outCHAR_1_3__0 ; (1 pterm, 1 signal)
STEP1A_outCHAR_1_3_.AP = STEP1A_outCHAR_1_3__1 ; (1 pterm, 1 signal)

STEP1A_outCHAR_1_3__0 = !step1a_un1_cq_25_m_i_n
    # !STEP1A_CQ_0_.Q & !STEP1A_CQ_3_.Q & STEP1A_CQ_4_.Q & !STEP1A_CQ_2_.Q
    # STEP1A_CQ_3_.Q & !STEP1A_CQ_4_.Q & STEP1A_CQ_1_.Q & !STEP1A_CQ_2_.Q ; (3 pterms, 6 signals)

STEP1A_outCHAR_1_3__1 = !step1a_un1_cq_35_0_2_n
    # STEP1A_CQ_0_.Q & STEP1A_CQ_4_.Q & !STEP1A_CQ_1_.Q & STEP1A_CQ_2_.Q
    # STEP1A_CQ_0_.Q & !STEP1A_CQ_3_.Q & STEP1A_CQ_4_.Q & !STEP1A_CQ_1_.Q ; (3 pterms, 6 signals)

STEP1A_outCHAR_1_4_.D = STEP1A_CQ_0_.Q & !STEP1A_CQ_3_.Q & STEP1A_CQ_1_.Q ; (1 pterm, 3 signals)
STEP1A_outCHAR_1_4_.LH = step1a_un1_cq_inv_12_n ; (1 pterm, 1 signal)
STEP1A_outCHAR_1_4_.AR = STEP1A_outCHAR_1_4__0 ; (1 pterm, 1 signal)
STEP1A_outCHAR_1_4_.AP = STEP1A_outCHAR_1_4__1 ; (1 pterm, 1 signal)

STEP1A_outCHAR_1_4__0 = step1a_un1_outchar14_1_m_n
    # !STEP1A_CQ_0_.Q & !STEP1A_CQ_3_.Q & STEP1A_CQ_4_.Q
    # STEP1A_CQ_0_.Q & STEP1A_CQ_3_.Q & STEP1A_CQ_4_.Q & !STEP1A_CQ_1_.Q
       & STEP1A_CQ_2_.Q
    # !STEP1A_CQ_0_.Q & STEP1A_CQ_3_.Q & !STEP1A_CQ_4_.Q & STEP1A_CQ_1_.Q
       & !STEP1A_CQ_2_.Q ; (4 pterms, 6 signals)

STEP1A_outCHAR_1_4__1 = !step1a_un1_cq_33_0_1_n
    # STEP1A_CQ_0_.Q & STEP1A_CQ_3_.Q & !STEP1A_CQ_4_.Q & !STEP1A_CQ_2_.Q ; (2 pterms, 5 signals)

STEP1A_outCHAR_1_5_.D = 0 ; (0 pterm, 0 signal)
STEP1A_outCHAR_1_5_.LH = step1a_un1_cq_inv_12_n ; (1 pterm, 1 signal)
STEP1A_outCHAR_1_5_.AR = STEP1A_outCHAR_1_5__0 ; (1 pterm, 1 signal)
STEP1A_outCHAR_1_5_.AP = !STEP1A_CQ_4_.Q & step1a_un1_cq_28_n ; (1 pterm, 2 signals)

STEP1A_outCHAR_1_5__0 = !( step1a_un1_cq_31_1_i_n
       & !step1a_un1_outchar14_1_m_n ) ; (1 pterm, 2 signals)

STEP1A_outCHAR_1_6_.D = !( !STEP1A_CQ_3_.Q & !STEP1A_CQ_4_.Q & !STEP1A_CQ_1_.Q
       & !STEP1A_CQ_2_.Q
    # !STEP1A_CQ_0_.Q & !STEP1A_CQ_3_.Q & !STEP1A_CQ_2_.Q ) ; (2 pterms, 5 signals)
STEP1A_outCHAR_1_6_.LH = step1a_un1_cq_inv_12_n ; (1 pterm, 1 signal)
STEP1A_outCHAR_1_6_.AR = STEP1A_outCHAR_1_6__0 ; (1 pterm, 1 signal)
STEP1A_outCHAR_1_6_.AP = STEP1A_outCHAR_1_6__1 ; (1 pterm, 1 signal)

STEP1A_outCHAR_1_6__0 = !( step1a_un1_cq_30_0_1_n & step1a_un1_cq_31_1_i_n ) ; (1 pterm, 2 signals)

STEP1A_outCHAR_1_6__1 = !step1a_outchar14_m_6_i_n
    # !STEP1A_CQ_0_.Q & STEP1A_CQ_3_.Q & !STEP1A_CQ_4_.Q & STEP1A_CQ_1_.Q
       & !STEP1A_CQ_2_.Q ; (2 pterms, 6 signals)

STEP1B_outDISP_0_.D = STEP1A_outCHAR_1_0_.Q ; (1 pterm, 1 signal)
STEP1B_outDISP_0_.C = FDIVBY4_clk_out.Q ; (1 pterm, 1 signal)
STEP1B_outDISP_0_.AR = LFTPB_Q.Q ; (1 pterm, 1 signal)

STEP1B_outDISP_10_.D = STEP1B_outDISP_3_.Q ; (1 pterm, 1 signal)
STEP1B_outDISP_10_.C = FDIVBY4_clk_out.Q ; (1 pterm, 1 signal)
STEP1B_outDISP_10_.AR = LFTPB_Q.Q ; (1 pterm, 1 signal)

STEP1B_outDISP_11_.D = STEP1B_outDISP_4_.Q ; (1 pterm, 1 signal)
STEP1B_outDISP_11_.C = FDIVBY4_clk_out.Q ; (1 pterm, 1 signal)
STEP1B_outDISP_11_.AR = LFTPB_Q.Q ; (1 pterm, 1 signal)

STEP1B_outDISP_12_.D = STEP1B_outDISP_5_.Q ; (1 pterm, 1 signal)
STEP1B_outDISP_12_.C = FDIVBY4_clk_out.Q ; (1 pterm, 1 signal)
STEP1B_outDISP_12_.AR = LFTPB_Q.Q ; (1 pterm, 1 signal)

STEP1B_outDISP_13_.D = STEP1B_outDISP_6_.Q ; (1 pterm, 1 signal)
STEP1B_outDISP_13_.C = FDIVBY4_clk_out.Q ; (1 pterm, 1 signal)
STEP1B_outDISP_13_.AR = LFTPB_Q.Q ; (1 pterm, 1 signal)

STEP1B_outDISP_14_.D = STEP1B_outDISP_7_.Q ; (1 pterm, 1 signal)
STEP1B_outDISP_14_.C = FDIVBY4_clk_out.Q ; (1 pterm, 1 signal)
STEP1B_outDISP_14_.AR = LFTPB_Q.Q ; (1 pterm, 1 signal)

STEP1B_outDISP_15_.D = STEP1B_outDISP_8_.Q ; (1 pterm, 1 signal)
STEP1B_outDISP_15_.C = FDIVBY4_clk_out.Q ; (1 pterm, 1 signal)
STEP1B_outDISP_15_.AR = LFTPB_Q.Q ; (1 pterm, 1 signal)

STEP1B_outDISP_16_.D = STEP1B_outDISP_9_.Q ; (1 pterm, 1 signal)
STEP1B_outDISP_16_.C = FDIVBY4_clk_out.Q ; (1 pterm, 1 signal)
STEP1B_outDISP_16_.AR = LFTPB_Q.Q ; (1 pterm, 1 signal)

STEP1B_outDISP_17_.D = STEP1B_outDISP_10_.Q ; (1 pterm, 1 signal)
STEP1B_outDISP_17_.C = FDIVBY4_clk_out.Q ; (1 pterm, 1 signal)
STEP1B_outDISP_17_.AR = LFTPB_Q.Q ; (1 pterm, 1 signal)

STEP1B_outDISP_18_.D = STEP1B_outDISP_11_.Q ; (1 pterm, 1 signal)
STEP1B_outDISP_18_.C = FDIVBY4_clk_out.Q ; (1 pterm, 1 signal)
STEP1B_outDISP_18_.AR = LFTPB_Q.Q ; (1 pterm, 1 signal)

STEP1B_outDISP_19_.D = STEP1B_outDISP_12_.Q ; (1 pterm, 1 signal)
STEP1B_outDISP_19_.C = FDIVBY4_clk_out.Q ; (1 pterm, 1 signal)
STEP1B_outDISP_19_.AR = LFTPB_Q.Q ; (1 pterm, 1 signal)

STEP1B_outDISP_1_.D = STEP1A_outCHAR_1_1_.Q ; (1 pterm, 1 signal)
STEP1B_outDISP_1_.C = FDIVBY4_clk_out.Q ; (1 pterm, 1 signal)
STEP1B_outDISP_1_.AR = LFTPB_Q.Q ; (1 pterm, 1 signal)

STEP1B_outDISP_20_.D = STEP1B_outDISP_13_.Q ; (1 pterm, 1 signal)
STEP1B_outDISP_20_.C = FDIVBY4_clk_out.Q ; (1 pterm, 1 signal)
STEP1B_outDISP_20_.AR = LFTPB_Q.Q ; (1 pterm, 1 signal)

STEP1B_outDISP_2_.D = STEP1A_outCHAR_1_2_.Q ; (1 pterm, 1 signal)
STEP1B_outDISP_2_.C = FDIVBY4_clk_out.Q ; (1 pterm, 1 signal)
STEP1B_outDISP_2_.AR = LFTPB_Q.Q ; (1 pterm, 1 signal)

STEP1B_outDISP_3_.D = STEP1A_outCHAR_1_3_.Q ; (1 pterm, 1 signal)
STEP1B_outDISP_3_.C = FDIVBY4_clk_out.Q ; (1 pterm, 1 signal)
STEP1B_outDISP_3_.AR = LFTPB_Q.Q ; (1 pterm, 1 signal)

STEP1B_outDISP_4_.D = STEP1A_outCHAR_1_4_.Q ; (1 pterm, 1 signal)
STEP1B_outDISP_4_.C = FDIVBY4_clk_out.Q ; (1 pterm, 1 signal)
STEP1B_outDISP_4_.AR = LFTPB_Q.Q ; (1 pterm, 1 signal)

STEP1B_outDISP_5_.D = STEP1A_outCHAR_1_5_.Q ; (1 pterm, 1 signal)
STEP1B_outDISP_5_.C = FDIVBY4_clk_out.Q ; (1 pterm, 1 signal)
STEP1B_outDISP_5_.AR = LFTPB_Q.Q ; (1 pterm, 1 signal)

STEP1B_outDISP_6_.D = STEP1A_outCHAR_1_6_.Q ; (1 pterm, 1 signal)
STEP1B_outDISP_6_.C = FDIVBY4_clk_out.Q ; (1 pterm, 1 signal)
STEP1B_outDISP_6_.AR = LFTPB_Q.Q ; (1 pterm, 1 signal)

STEP1B_outDISP_7_.D = STEP1B_outDISP_0_.Q ; (1 pterm, 1 signal)
STEP1B_outDISP_7_.C = FDIVBY4_clk_out.Q ; (1 pterm, 1 signal)
STEP1B_outDISP_7_.AR = LFTPB_Q.Q ; (1 pterm, 1 signal)

STEP1B_outDISP_8_.D = STEP1B_outDISP_1_.Q ; (1 pterm, 1 signal)
STEP1B_outDISP_8_.C = FDIVBY4_clk_out.Q ; (1 pterm, 1 signal)
STEP1B_outDISP_8_.AR = LFTPB_Q.Q ; (1 pterm, 1 signal)

STEP1B_outDISP_9_.D = STEP1B_outDISP_2_.Q ; (1 pterm, 1 signal)
STEP1B_outDISP_9_.C = FDIVBY4_clk_out.Q ; (1 pterm, 1 signal)
STEP1B_outDISP_9_.AR = LFTPB_Q.Q ; (1 pterm, 1 signal)

STEP2_next_count_state_0_.D = !( STEP5_next_qstate_3_.Q
       & !STEP5_next_qstate_1_.Q & !STEP5_next_qstate_2_.Q
    # STEP2_next_count_state_0_.Q ) ; (2 pterms, 4 signals)
STEP2_next_count_state_0_.C = RGTPB_Q.Q ; (1 pterm, 1 signal)
STEP2_next_count_state_0_.CE = STEP2_next_count_state_0__0 ; (1 pterm, 1 signal)
STEP2_next_count_state_0_.AR = LFTPB_Q.Q ; (1 pterm, 1 signal)

STEP2_next_count_state_0__0 = STEP5_outEN.Q
    # STEP5_next_qstate_3_.Q & !STEP5_next_qstate_1_.Q
       & !STEP5_next_qstate_2_.Q ; (2 pterms, 4 signals)

STEP2_next_count_state_1_.D = !( STEP5_next_qstate_3_.Q
       & !STEP5_next_qstate_1_.Q & !STEP5_next_qstate_2_.Q
    # !STEP2_next_count_state_0_.Q & !STEP2_next_count_state_1_.Q
    # STEP2_next_count_state_0_.Q & STEP2_next_count_state_1_.Q ) ; (3 pterms, 5 signals)
STEP2_next_count_state_1_.C = RGTPB_Q.Q ; (1 pterm, 1 signal)
STEP2_next_count_state_1_.CE = STEP2_next_count_state_0__0 ; (1 pterm, 1 signal)
STEP2_next_count_state_1_.AR = LFTPB_Q.Q ; (1 pterm, 1 signal)

STEP2_next_count_state_2_.D = !( STEP2_next_count_state_0_.Q
       & STEP2_next_count_state_1_.Q & STEP2_next_count_state_2_.Q
    # STEP5_next_qstate_3_.Q & !STEP5_next_qstate_1_.Q
       & !STEP5_next_qstate_2_.Q
    # !STEP2_next_count_state_1_.Q & !STEP2_next_count_state_2_.Q
    # !STEP2_next_count_state_0_.Q & !STEP2_next_count_state_2_.Q ) ; (4 pterms, 6 signals)
STEP2_next_count_state_2_.C = RGTPB_Q.Q ; (1 pterm, 1 signal)
STEP2_next_count_state_2_.CE = STEP2_next_count_state_0__0 ; (1 pterm, 1 signal)
STEP2_next_count_state_2_.AR = LFTPB_Q.Q ; (1 pterm, 1 signal)

STEP3_qcombo_0_.D = STEP3_qcombo_0_.Q & !STEP3_qcombo_7_.Q
    # !STEP3_qcombo_0_.Q & STEP3_qcombo_7_.Q ; (2 pterms, 2 signals)
STEP3_qcombo_0_.C = FDIVBY4_clk_out.Q ; (1 pterm, 1 signal)
STEP3_qcombo_0_.CE = DIP_4_ ; (1 pterm, 1 signal)
STEP3_qcombo_0_.AP = LFTPB_Q.Q ; (1 pterm, 1 signal)

STEP3_qcombo_1_.D = STEP3_qcombo_0_.Q & !STEP3_qcombo_1_.Q
    # !STEP3_qcombo_0_.Q & STEP3_qcombo_1_.Q ; (2 pterms, 2 signals)
STEP3_qcombo_1_.C = FDIVBY4_clk_out.Q ; (1 pterm, 1 signal)
STEP3_qcombo_1_.CE = DIP_4_ ; (1 pterm, 1 signal)
STEP3_qcombo_1_.AR = LFTPB_Q.Q ; (1 pterm, 1 signal)

STEP3_qcombo_2_.D = STEP3_qcombo_1_.Q & !STEP3_qcombo_2_.Q
    # !STEP3_qcombo_1_.Q & STEP3_qcombo_2_.Q ; (2 pterms, 2 signals)
STEP3_qcombo_2_.C = FDIVBY4_clk_out.Q ; (1 pterm, 1 signal)
STEP3_qcombo_2_.CE = DIP_4_ ; (1 pterm, 1 signal)
STEP3_qcombo_2_.AR = LFTPB_Q.Q ; (1 pterm, 1 signal)

STEP3_qcombo_3_.D = STEP3_qcombo_2_.Q & !STEP3_qcombo_3_.Q
    # !STEP3_qcombo_2_.Q & STEP3_qcombo_3_.Q ; (2 pterms, 2 signals)
STEP3_qcombo_3_.C = FDIVBY4_clk_out.Q ; (1 pterm, 1 signal)
STEP3_qcombo_3_.CE = DIP_4_ ; (1 pterm, 1 signal)
STEP3_qcombo_3_.AR = LFTPB_Q.Q ; (1 pterm, 1 signal)

STEP3_qcombo_4_.T = STEP3_qcombo_0_.Q & !STEP3_qcombo_2_.Q
       & !STEP3_qcombo_3_.Q
    # !STEP3_qcombo_0_.Q & STEP3_qcombo_2_.Q & !STEP3_qcombo_3_.Q
    # !STEP3_qcombo_0_.Q & !STEP3_qcombo_2_.Q & STEP3_qcombo_3_.Q
    # STEP3_qcombo_0_.Q & STEP3_qcombo_2_.Q & STEP3_qcombo_3_.Q ; (4 pterms, 3 signals)
STEP3_qcombo_4_.C = FDIVBY4_clk_out.Q ; (1 pterm, 1 signal)
STEP3_qcombo_4_.CE = DIP_4_ ; (1 pterm, 1 signal)
STEP3_qcombo_4_.AR = LFTPB_Q.Q ; (1 pterm, 1 signal)

STEP3_qcombo_5_.D = STEP3_qcombo_4_.Q & !STEP3_qcombo_5_.Q
    # !STEP3_qcombo_4_.Q & STEP3_qcombo_5_.Q ; (2 pterms, 2 signals)
STEP3_qcombo_5_.C = FDIVBY4_clk_out.Q ; (1 pterm, 1 signal)
STEP3_qcombo_5_.CE = DIP_4_ ; (1 pterm, 1 signal)
STEP3_qcombo_5_.AR = LFTPB_Q.Q ; (1 pterm, 1 signal)

STEP3_qcombo_6_.D = STEP3_qcombo_5_.Q & !STEP3_qcombo_6_.Q
    # !STEP3_qcombo_5_.Q & STEP3_qcombo_6_.Q ; (2 pterms, 2 signals)
STEP3_qcombo_6_.C = FDIVBY4_clk_out.Q ; (1 pterm, 1 signal)
STEP3_qcombo_6_.CE = DIP_4_ ; (1 pterm, 1 signal)
STEP3_qcombo_6_.AR = LFTPB_Q.Q ; (1 pterm, 1 signal)

STEP3_qcombo_7_.T = STEP3_qcombo_1_.Q & !STEP3_qcombo_5_.Q
       & !STEP3_qcombo_6_.Q
    # !STEP3_qcombo_1_.Q & STEP3_qcombo_5_.Q & !STEP3_qcombo_6_.Q
    # !STEP3_qcombo_1_.Q & !STEP3_qcombo_5_.Q & STEP3_qcombo_6_.Q
    # STEP3_qcombo_1_.Q & STEP3_qcombo_5_.Q & STEP3_qcombo_6_.Q ; (4 pterms, 3 signals)
STEP3_qcombo_7_.C = FDIVBY4_clk_out.Q ; (1 pterm, 1 signal)
STEP3_qcombo_7_.CE = DIP_4_ ; (1 pterm, 1 signal)
STEP3_qcombo_7_.AR = LFTPB_Q.Q ; (1 pterm, 1 signal)

STEP5_next_qstate_0_.D = !( !DIP_7_ & STEP2_next_count_state_0_.Q
       & STEP2_next_count_state_1_.Q & STEP2_next_count_state_2_.Q
       & !STEP3_qcombo_7_.Q & !STEP5_next_qstate_3_.Q & STEP5_next_qstate_0_.Q
    # DIP_7_ & STEP2_next_count_state_0_.Q & STEP2_next_count_state_1_.Q
       & STEP2_next_count_state_2_.Q & STEP3_qcombo_7_.Q
       & !STEP5_next_qstate_3_.Q & STEP5_next_qstate_0_.Q
    # !DIP_7_ & !STEP2_next_count_state_0_.Q & STEP2_next_count_state_1_.Q
       & STEP2_next_count_state_2_.Q & !STEP3_qcombo_6_.Q
       & !STEP5_next_qstate_3_.Q & STEP5_next_qstate_0_.Q
    # DIP_7_ & !STEP2_next_count_state_0_.Q & STEP2_next_count_state_1_.Q
       & STEP2_next_count_state_2_.Q & STEP3_qcombo_6_.Q
       & !STEP5_next_qstate_3_.Q & STEP5_next_qstate_0_.Q
    # !DIP_7_ & STEP2_next_count_state_0_.Q & !STEP2_next_count_state_1_.Q
       & STEP2_next_count_state_2_.Q & !STEP3_qcombo_5_.Q
       & !STEP5_next_qstate_3_.Q & STEP5_next_qstate_0_.Q
    # DIP_7_ & STEP2_next_count_state_0_.Q & !STEP2_next_count_state_1_.Q
       & STEP2_next_count_state_2_.Q & STEP3_qcombo_5_.Q
       & !STEP5_next_qstate_3_.Q & STEP5_next_qstate_0_.Q
    # !DIP_7_ & !STEP2_next_count_state_0_.Q & !STEP2_next_count_state_1_.Q
       & STEP2_next_count_state_2_.Q & !STEP3_qcombo_4_.Q
       & !STEP5_next_qstate_3_.Q & STEP5_next_qstate_0_.Q
    # DIP_7_ & !STEP2_next_count_state_0_.Q & !STEP2_next_count_state_1_.Q
       & STEP2_next_count_state_2_.Q & STEP3_qcombo_4_.Q
       & !STEP5_next_qstate_3_.Q & STEP5_next_qstate_0_.Q
    # !DIP_7_ & STEP2_next_count_state_0_.Q & STEP2_next_count_state_1_.Q
       & !STEP2_next_count_state_2_.Q & !STEP3_qcombo_3_.Q
       & !STEP5_next_qstate_3_.Q & STEP5_next_qstate_0_.Q
    # DIP_7_ & STEP2_next_count_state_0_.Q & STEP2_next_count_state_1_.Q
       & !STEP2_next_count_state_2_.Q & STEP3_qcombo_3_.Q
       & !STEP5_next_qstate_3_.Q & STEP5_next_qstate_0_.Q
    # !DIP_7_ & !STEP2_next_count_state_0_.Q & STEP2_next_count_state_1_.Q
       & !STEP2_next_count_state_2_.Q & !STEP3_qcombo_2_.Q
       & !STEP5_next_qstate_3_.Q & STEP5_next_qstate_0_.Q
    # DIP_7_ & !STEP2_next_count_state_0_.Q & STEP2_next_count_state_1_.Q
       & !STEP2_next_count_state_2_.Q & STEP3_qcombo_2_.Q
       & !STEP5_next_qstate_3_.Q & STEP5_next_qstate_0_.Q
    # !DIP_7_ & STEP2_next_count_state_0_.Q & !STEP2_next_count_state_1_.Q
       & !STEP2_next_count_state_2_.Q & !STEP3_qcombo_1_.Q
       & !STEP5_next_qstate_3_.Q & STEP5_next_qstate_0_.Q
    # DIP_7_ & STEP2_next_count_state_0_.Q & !STEP2_next_count_state_1_.Q
       & !STEP2_next_count_state_2_.Q & STEP3_qcombo_1_.Q
       & !STEP5_next_qstate_3_.Q & STEP5_next_qstate_0_.Q
    # !DIP_7_ & !STEP2_next_count_state_0_.Q & !STEP2_next_count_state_1_.Q
       & !STEP2_next_count_state_2_.Q & !STEP3_qcombo_0_.Q
       & !STEP5_next_qstate_3_.Q & STEP5_next_qstate_0_.Q
    # DIP_7_ & !STEP2_next_count_state_0_.Q & !STEP2_next_count_state_1_.Q
       & !STEP2_next_count_state_2_.Q & STEP3_qcombo_0_.Q
       & !STEP5_next_qstate_3_.Q & STEP5_next_qstate_0_.Q
    # STEP5_next_qstate_3_.Q & !STEP5_next_qstate_0_.Q ) ; (17 pterms, 14 signals)
STEP5_next_qstate_0_.C = RGTPB_Q.Q ; (1 pterm, 1 signal)
STEP5_next_qstate_0_.AR = STEP5_next_qstate_0__0 ; (1 pterm, 1 signal)
STEP5_next_qstate_0_.AP = !LFTPB_Q.Q & STEP5_next_qstate_0_.Q
       & step5_un1_arst_1_n ; (1 pterm, 3 signals)

STEP5_next_qstate_0__0 = LFTPB_Q.Q & step5_un1_arst_1_n
    # !STEP5_next_qstate_0_.Q & step5_un1_arst_1_n ; (2 pterms, 3 signals)

STEP5_next_qstate_1_.D = !( DIP_7_ & STEP2_next_count_state_0_.Q
       & STEP2_next_count_state_1_.Q & STEP2_next_count_state_2_.Q
       & !STEP3_qcombo_7_.Q & !STEP5_next_qstate_3_.Q
    # !DIP_7_ & STEP2_next_count_state_0_.Q & STEP2_next_count_state_1_.Q
       & STEP2_next_count_state_2_.Q & STEP3_qcombo_7_.Q
       & !STEP5_next_qstate_3_.Q
    # DIP_7_ & !STEP2_next_count_state_0_.Q & STEP2_next_count_state_1_.Q
       & STEP2_next_count_state_2_.Q & !STEP3_qcombo_6_.Q
       & !STEP5_next_qstate_3_.Q
    # !DIP_7_ & !STEP2_next_count_state_0_.Q & STEP2_next_count_state_1_.Q
       & STEP2_next_count_state_2_.Q & STEP3_qcombo_6_.Q
       & !STEP5_next_qstate_3_.Q
    # DIP_7_ & STEP2_next_count_state_0_.Q & !STEP2_next_count_state_1_.Q
       & STEP2_next_count_state_2_.Q & !STEP3_qcombo_5_.Q
       & !STEP5_next_qstate_3_.Q
    # !DIP_7_ & STEP2_next_count_state_0_.Q & !STEP2_next_count_state_1_.Q
       & STEP2_next_count_state_2_.Q & STEP3_qcombo_5_.Q
       & !STEP5_next_qstate_3_.Q
    # DIP_7_ & !STEP2_next_count_state_0_.Q & !STEP2_next_count_state_1_.Q
       & STEP2_next_count_state_2_.Q & !STEP3_qcombo_4_.Q
       & !STEP5_next_qstate_3_.Q
    # !DIP_7_ & !STEP2_next_count_state_0_.Q & !STEP2_next_count_state_1_.Q
       & STEP2_next_count_state_2_.Q & STEP3_qcombo_4_.Q
       & !STEP5_next_qstate_3_.Q
    # DIP_7_ & STEP2_next_count_state_0_.Q & STEP2_next_count_state_1_.Q
       & !STEP2_next_count_state_2_.Q & !STEP3_qcombo_3_.Q
       & !STEP5_next_qstate_3_.Q
    # !DIP_7_ & STEP2_next_count_state_0_.Q & STEP2_next_count_state_1_.Q
       & !STEP2_next_count_state_2_.Q & STEP3_qcombo_3_.Q
       & !STEP5_next_qstate_3_.Q
    # DIP_7_ & !STEP2_next_count_state_0_.Q & STEP2_next_count_state_1_.Q
       & !STEP2_next_count_state_2_.Q & !STEP3_qcombo_2_.Q
       & !STEP5_next_qstate_3_.Q
    # !DIP_7_ & !STEP2_next_count_state_0_.Q & STEP2_next_count_state_1_.Q
       & !STEP2_next_count_state_2_.Q & STEP3_qcombo_2_.Q
       & !STEP5_next_qstate_3_.Q
    # DIP_7_ & STEP2_next_count_state_0_.Q & !STEP2_next_count_state_1_.Q
       & !STEP2_next_count_state_2_.Q & !STEP3_qcombo_1_.Q
       & !STEP5_next_qstate_3_.Q
    # !DIP_7_ & STEP2_next_count_state_0_.Q & !STEP2_next_count_state_1_.Q
       & !STEP2_next_count_state_2_.Q & STEP3_qcombo_1_.Q
       & !STEP5_next_qstate_3_.Q
    # DIP_7_ & !STEP2_next_count_state_0_.Q & !STEP2_next_count_state_1_.Q
       & !STEP2_next_count_state_2_.Q & !STEP3_qcombo_0_.Q
       & !STEP5_next_qstate_3_.Q
    # !DIP_7_ & !STEP2_next_count_state_0_.Q & !STEP2_next_count_state_1_.Q
       & !STEP2_next_count_state_2_.Q & STEP3_qcombo_0_.Q
       & !STEP5_next_qstate_3_.Q
    # !STEP5_next_qstate_3_.Q & STEP5_next_qstate_0_.Q
       & STEP5_next_qstate_1_.Q
    # !STEP5_next_qstate_0_.Q & !STEP5_next_qstate_1_.Q
    # STEP5_next_qstate_3_.Q & !STEP5_next_qstate_1_.Q ) ; (19 pterms, 15 signals)
STEP5_next_qstate_1_.C = RGTPB_Q.Q ; (1 pterm, 1 signal)
STEP5_next_qstate_1_.AR = STEP5_next_qstate_1__0 ; (1 pterm, 1 signal)
STEP5_next_qstate_1_.AP = !LFTPB_Q.Q & STEP5_next_qstate_1_.Q
       & step5_un1_arst_1_n ; (1 pterm, 3 signals)

STEP5_next_qstate_1__0 = LFTPB_Q.Q & step5_un1_arst_1_n
    # !STEP5_next_qstate_1_.Q & step5_un1_arst_1_n ; (2 pterms, 3 signals)

STEP5_next_qstate_2_.D = !( DIP_7_ & STEP2_next_count_state_0_.Q
       & STEP2_next_count_state_1_.Q & STEP2_next_count_state_2_.Q
       & !STEP3_qcombo_7_.Q & !STEP5_next_qstate_3_.Q
    # !DIP_7_ & STEP2_next_count_state_0_.Q & STEP2_next_count_state_1_.Q
       & STEP2_next_count_state_2_.Q & STEP3_qcombo_7_.Q
       & !STEP5_next_qstate_3_.Q
    # DIP_7_ & !STEP2_next_count_state_0_.Q & STEP2_next_count_state_1_.Q
       & STEP2_next_count_state_2_.Q & !STEP3_qcombo_6_.Q
       & !STEP5_next_qstate_3_.Q
    # !DIP_7_ & !STEP2_next_count_state_0_.Q & STEP2_next_count_state_1_.Q
       & STEP2_next_count_state_2_.Q & STEP3_qcombo_6_.Q
       & !STEP5_next_qstate_3_.Q
    # DIP_7_ & STEP2_next_count_state_0_.Q & !STEP2_next_count_state_1_.Q
       & STEP2_next_count_state_2_.Q & !STEP3_qcombo_5_.Q
       & !STEP5_next_qstate_3_.Q
    # !DIP_7_ & STEP2_next_count_state_0_.Q & !STEP2_next_count_state_1_.Q
       & STEP2_next_count_state_2_.Q & STEP3_qcombo_5_.Q
       & !STEP5_next_qstate_3_.Q
    # DIP_7_ & !STEP2_next_count_state_0_.Q & !STEP2_next_count_state_1_.Q
       & STEP2_next_count_state_2_.Q & !STEP3_qcombo_4_.Q
       & !STEP5_next_qstate_3_.Q
    # !DIP_7_ & !STEP2_next_count_state_0_.Q & !STEP2_next_count_state_1_.Q
       & STEP2_next_count_state_2_.Q & STEP3_qcombo_4_.Q
       & !STEP5_next_qstate_3_.Q
    # DIP_7_ & STEP2_next_count_state_0_.Q & STEP2_next_count_state_1_.Q
       & !STEP2_next_count_state_2_.Q & !STEP3_qcombo_3_.Q
       & !STEP5_next_qstate_3_.Q
    # !DIP_7_ & STEP2_next_count_state_0_.Q & STEP2_next_count_state_1_.Q
       & !STEP2_next_count_state_2_.Q & STEP3_qcombo_3_.Q
       & !STEP5_next_qstate_3_.Q
    # DIP_7_ & !STEP2_next_count_state_0_.Q & STEP2_next_count_state_1_.Q
       & !STEP2_next_count_state_2_.Q & !STEP3_qcombo_2_.Q
       & !STEP5_next_qstate_3_.Q
    # !DIP_7_ & !STEP2_next_count_state_0_.Q & STEP2_next_count_state_1_.Q
       & !STEP2_next_count_state_2_.Q & STEP3_qcombo_2_.Q
       & !STEP5_next_qstate_3_.Q
    # DIP_7_ & STEP2_next_count_state_0_.Q & !STEP2_next_count_state_1_.Q
       & !STEP2_next_count_state_2_.Q & !STEP3_qcombo_1_.Q
       & !STEP5_next_qstate_3_.Q
    # !DIP_7_ & STEP2_next_count_state_0_.Q & !STEP2_next_count_state_1_.Q
       & !STEP2_next_count_state_2_.Q & STEP3_qcombo_1_.Q
       & !STEP5_next_qstate_3_.Q
    # DIP_7_ & !STEP2_next_count_state_0_.Q & !STEP2_next_count_state_1_.Q
       & !STEP2_next_count_state_2_.Q & !STEP3_qcombo_0_.Q
       & !STEP5_next_qstate_3_.Q
    # !DIP_7_ & !STEP2_next_count_state_0_.Q & !STEP2_next_count_state_1_.Q
       & !STEP2_next_count_state_2_.Q & STEP3_qcombo_0_.Q
       & !STEP5_next_qstate_3_.Q
    # !STEP5_next_qstate_3_.Q & STEP5_next_qstate_0_.Q
       & STEP5_next_qstate_1_.Q & STEP5_next_qstate_2_.Q
    # !STEP5_next_qstate_1_.Q & !STEP5_next_qstate_2_.Q
    # !STEP5_next_qstate_0_.Q & !STEP5_next_qstate_2_.Q
    # STEP5_next_qstate_3_.Q & !STEP5_next_qstate_2_.Q ) ; (20 pterms, 16 signals)
STEP5_next_qstate_2_.C = RGTPB_Q.Q ; (1 pterm, 1 signal)
STEP5_next_qstate_2_.AR = STEP5_next_qstate_2__0 ; (1 pterm, 1 signal)
STEP5_next_qstate_2_.AP = !LFTPB_Q.Q & STEP5_next_qstate_2_.Q
       & step5_un1_arst_1_n ; (1 pterm, 3 signals)

STEP5_next_qstate_2__0 = LFTPB_Q.Q & step5_un1_arst_1_n
    # !STEP5_next_qstate_2_.Q & step5_un1_arst_1_n ; (2 pterms, 3 signals)

STEP5_next_qstate_3_.D = DIP_7_ & STEP2_next_count_state_0_.Q
       & STEP2_next_count_state_1_.Q & STEP2_next_count_state_2_.Q
       & !STEP3_qcombo_7_.Q
    # !DIP_7_ & STEP2_next_count_state_0_.Q & STEP2_next_count_state_1_.Q
       & STEP2_next_count_state_2_.Q & STEP3_qcombo_7_.Q
    # DIP_7_ & !STEP2_next_count_state_0_.Q & STEP2_next_count_state_1_.Q
       & STEP2_next_count_state_2_.Q & !STEP3_qcombo_6_.Q
    # !DIP_7_ & !STEP2_next_count_state_0_.Q & STEP2_next_count_state_1_.Q
       & STEP2_next_count_state_2_.Q & STEP3_qcombo_6_.Q
    # DIP_7_ & STEP2_next_count_state_0_.Q & !STEP2_next_count_state_1_.Q
       & STEP2_next_count_state_2_.Q & !STEP3_qcombo_5_.Q
    # !DIP_7_ & STEP2_next_count_state_0_.Q & !STEP2_next_count_state_1_.Q
       & STEP2_next_count_state_2_.Q & STEP3_qcombo_5_.Q
    # DIP_7_ & !STEP2_next_count_state_0_.Q & !STEP2_next_count_state_1_.Q
       & STEP2_next_count_state_2_.Q & !STEP3_qcombo_4_.Q
    # !DIP_7_ & !STEP2_next_count_state_0_.Q & !STEP2_next_count_state_1_.Q
       & STEP2_next_count_state_2_.Q & STEP3_qcombo_4_.Q
    # DIP_7_ & STEP2_next_count_state_0_.Q & STEP2_next_count_state_1_.Q
       & !STEP2_next_count_state_2_.Q & !STEP3_qcombo_3_.Q
    # !DIP_7_ & STEP2_next_count_state_0_.Q & STEP2_next_count_state_1_.Q
       & !STEP2_next_count_state_2_.Q & STEP3_qcombo_3_.Q
    # DIP_7_ & !STEP2_next_count_state_0_.Q & STEP2_next_count_state_1_.Q
       & !STEP2_next_count_state_2_.Q & !STEP3_qcombo_2_.Q
    # !DIP_7_ & !STEP2_next_count_state_0_.Q & STEP2_next_count_state_1_.Q
       & !STEP2_next_count_state_2_.Q & STEP3_qcombo_2_.Q
    # DIP_7_ & STEP2_next_count_state_0_.Q & !STEP2_next_count_state_1_.Q
       & !STEP2_next_count_state_2_.Q & !STEP3_qcombo_1_.Q
    # !DIP_7_ & STEP2_next_count_state_0_.Q & !STEP2_next_count_state_1_.Q
       & !STEP2_next_count_state_2_.Q & STEP3_qcombo_1_.Q
    # DIP_7_ & !STEP2_next_count_state_0_.Q & !STEP2_next_count_state_1_.Q
       & !STEP2_next_count_state_2_.Q & !STEP3_qcombo_0_.Q
    # !DIP_7_ & !STEP2_next_count_state_0_.Q & !STEP2_next_count_state_1_.Q
       & !STEP2_next_count_state_2_.Q & STEP3_qcombo_0_.Q
    # STEP5_next_qstate_0_.Q & STEP5_next_qstate_1_.Q & STEP5_next_qstate_2_.Q
    # STEP5_next_qstate_3_.Q ; (18 pterms, 16 signals)
STEP5_next_qstate_3_.C = RGTPB_Q.Q ; (1 pterm, 1 signal)
STEP5_next_qstate_3_.AR = STEP5_next_qstate_3__0 ; (1 pterm, 1 signal)
STEP5_next_qstate_3_.AP = STEP5_next_qstate_3__1 ; (1 pterm, 1 signal)

STEP5_next_qstate_3__0 = LFTPB_Q.Q & step5_un1_arst_1_n
    # !STEP5_next_qstate_3_.Q & step5_un1_arst_1_n
    # !STEP5_next_qstate_0_.Q & !STEP5_next_qstate_1_.Q
       & !STEP5_next_qstate_2_.Q & step5_un1_arst_1_n ; (3 pterms, 6 signals)

STEP5_next_qstate_3__1 = !LFTPB_Q.Q & STEP5_next_qstate_3_.Q
       & STEP5_next_qstate_0_.Q & step5_un1_arst_1_n
    # !LFTPB_Q.Q & STEP5_next_qstate_3_.Q & STEP5_next_qstate_1_.Q
       & step5_un1_arst_1_n
    # !LFTPB_Q.Q & STEP5_next_qstate_3_.Q & STEP5_next_qstate_2_.Q
       & step5_un1_arst_1_n ; (3 pterms, 6 signals)

STEP5_outEN.D = !STEP5_next_qstate_3_.Q ; (1 pterm, 1 signal)
STEP5_outEN.LH = o_JUMBO_1_ ; (1 pterm, 1 signal)

_dup_gnd_n_n = 0 ; (0 pterm, 0 signal)

gnd_n_n = 0 ; (0 pterm, 0 signal)

o_BOTRED_0_ = !DIP_0_ ; (1 pterm, 1 signal)

o_BOTRED_1_ = !DIP_1_ ; (1 pterm, 1 signal)

o_BOTRED_2_ = !DIP_2_ ; (1 pterm, 1 signal)

o_BOTRED_3_ = !DIP_3_ ; (1 pterm, 1 signal)

o_BOTRED_4_ = !DIP_4_ ; (1 pterm, 1 signal)

o_BOTRED_5_ = !DIP_5_ ; (1 pterm, 1 signal)

o_BOTRED_6_ = !DIP_6_ ; (1 pterm, 1 signal)

o_BOTRED_7_ = !DIP_7_ ; (1 pterm, 1 signal)

o_DIS1_0_.D = !STEP1A_outCHAR_1_0_.Q ; (1 pterm, 1 signal)
o_DIS1_0_.C = FDIVBY4_clk_out.Q ; (1 pterm, 1 signal)
o_DIS1_0_.AP = LFTPB_Q.Q ; (1 pterm, 1 signal)

o_DIS1_1_.D = !STEP1A_outCHAR_1_1_.Q ; (1 pterm, 1 signal)
o_DIS1_1_.C = FDIVBY4_clk_out.Q ; (1 pterm, 1 signal)
o_DIS1_1_.AP = LFTPB_Q.Q ; (1 pterm, 1 signal)

o_DIS1_2_.D = !STEP1A_outCHAR_1_2_.Q ; (1 pterm, 1 signal)
o_DIS1_2_.C = FDIVBY4_clk_out.Q ; (1 pterm, 1 signal)
o_DIS1_2_.AP = LFTPB_Q.Q ; (1 pterm, 1 signal)

o_DIS1_3_.D = !STEP1A_outCHAR_1_3_.Q ; (1 pterm, 1 signal)
o_DIS1_3_.C = FDIVBY4_clk_out.Q ; (1 pterm, 1 signal)
o_DIS1_3_.AP = LFTPB_Q.Q ; (1 pterm, 1 signal)

o_DIS1_4_.D = !STEP1A_outCHAR_1_4_.Q ; (1 pterm, 1 signal)
o_DIS1_4_.C = FDIVBY4_clk_out.Q ; (1 pterm, 1 signal)
o_DIS1_4_.AP = LFTPB_Q.Q ; (1 pterm, 1 signal)

o_DIS1_5_.D = !STEP1A_outCHAR_1_5_.Q ; (1 pterm, 1 signal)
o_DIS1_5_.C = FDIVBY4_clk_out.Q ; (1 pterm, 1 signal)
o_DIS1_5_.AP = LFTPB_Q.Q ; (1 pterm, 1 signal)

o_DIS1_6_.D = !STEP1A_outCHAR_1_6_.Q ; (1 pterm, 1 signal)
o_DIS1_6_.C = FDIVBY4_clk_out.Q ; (1 pterm, 1 signal)
o_DIS1_6_.AP = LFTPB_Q.Q ; (1 pterm, 1 signal)

o_DIS2_0_.D = !STEP1B_outDISP_0_.Q ; (1 pterm, 1 signal)
o_DIS2_0_.C = FDIVBY4_clk_out.Q ; (1 pterm, 1 signal)
o_DIS2_0_.AP = LFTPB_Q.Q ; (1 pterm, 1 signal)

o_DIS2_1_.D = !STEP1B_outDISP_1_.Q ; (1 pterm, 1 signal)
o_DIS2_1_.C = FDIVBY4_clk_out.Q ; (1 pterm, 1 signal)
o_DIS2_1_.AP = LFTPB_Q.Q ; (1 pterm, 1 signal)

o_DIS2_2_.D = !STEP1B_outDISP_2_.Q ; (1 pterm, 1 signal)
o_DIS2_2_.C = FDIVBY4_clk_out.Q ; (1 pterm, 1 signal)
o_DIS2_2_.AP = LFTPB_Q.Q ; (1 pterm, 1 signal)

o_DIS2_3_.D = !STEP1B_outDISP_3_.Q ; (1 pterm, 1 signal)
o_DIS2_3_.C = FDIVBY4_clk_out.Q ; (1 pterm, 1 signal)
o_DIS2_3_.AP = LFTPB_Q.Q ; (1 pterm, 1 signal)

o_DIS2_4_.D = !STEP1B_outDISP_4_.Q ; (1 pterm, 1 signal)
o_DIS2_4_.C = FDIVBY4_clk_out.Q ; (1 pterm, 1 signal)
o_DIS2_4_.AP = LFTPB_Q.Q ; (1 pterm, 1 signal)

o_DIS2_5_.D = !STEP1B_outDISP_5_.Q ; (1 pterm, 1 signal)
o_DIS2_5_.C = FDIVBY4_clk_out.Q ; (1 pterm, 1 signal)
o_DIS2_5_.AP = LFTPB_Q.Q ; (1 pterm, 1 signal)

o_DIS2_6_.D = !STEP1B_outDISP_6_.Q ; (1 pterm, 1 signal)
o_DIS2_6_.C = FDIVBY4_clk_out.Q ; (1 pterm, 1 signal)
o_DIS2_6_.AP = LFTPB_Q.Q ; (1 pterm, 1 signal)

o_DIS3_0_.D = !STEP1B_outDISP_7_.Q ; (1 pterm, 1 signal)
o_DIS3_0_.C = FDIVBY4_clk_out.Q ; (1 pterm, 1 signal)
o_DIS3_0_.AP = LFTPB_Q.Q ; (1 pterm, 1 signal)

o_DIS3_1_.D = !STEP1B_outDISP_8_.Q ; (1 pterm, 1 signal)
o_DIS3_1_.C = FDIVBY4_clk_out.Q ; (1 pterm, 1 signal)
o_DIS3_1_.AP = LFTPB_Q.Q ; (1 pterm, 1 signal)

o_DIS3_2_.D = !STEP1B_outDISP_9_.Q ; (1 pterm, 1 signal)
o_DIS3_2_.C = FDIVBY4_clk_out.Q ; (1 pterm, 1 signal)
o_DIS3_2_.AP = LFTPB_Q.Q ; (1 pterm, 1 signal)

o_DIS3_3_.D = !STEP1B_outDISP_10_.Q ; (1 pterm, 1 signal)
o_DIS3_3_.C = FDIVBY4_clk_out.Q ; (1 pterm, 1 signal)
o_DIS3_3_.AP = LFTPB_Q.Q ; (1 pterm, 1 signal)

o_DIS3_4_.D = !STEP1B_outDISP_11_.Q ; (1 pterm, 1 signal)
o_DIS3_4_.C = FDIVBY4_clk_out.Q ; (1 pterm, 1 signal)
o_DIS3_4_.AP = LFTPB_Q.Q ; (1 pterm, 1 signal)

o_DIS3_5_.D = !STEP1B_outDISP_12_.Q ; (1 pterm, 1 signal)
o_DIS3_5_.C = FDIVBY4_clk_out.Q ; (1 pterm, 1 signal)
o_DIS3_5_.AP = LFTPB_Q.Q ; (1 pterm, 1 signal)

o_DIS3_6_.D = !STEP1B_outDISP_13_.Q ; (1 pterm, 1 signal)
o_DIS3_6_.C = FDIVBY4_clk_out.Q ; (1 pterm, 1 signal)
o_DIS3_6_.AP = LFTPB_Q.Q ; (1 pterm, 1 signal)

o_DIS4_0_.D = !STEP1B_outDISP_14_.Q ; (1 pterm, 1 signal)
o_DIS4_0_.C = FDIVBY4_clk_out.Q ; (1 pterm, 1 signal)
o_DIS4_0_.AP = LFTPB_Q.Q ; (1 pterm, 1 signal)

o_DIS4_1_.D = !STEP1B_outDISP_15_.Q ; (1 pterm, 1 signal)
o_DIS4_1_.C = FDIVBY4_clk_out.Q ; (1 pterm, 1 signal)
o_DIS4_1_.AP = LFTPB_Q.Q ; (1 pterm, 1 signal)

o_DIS4_2_.D = !STEP1B_outDISP_16_.Q ; (1 pterm, 1 signal)
o_DIS4_2_.C = FDIVBY4_clk_out.Q ; (1 pterm, 1 signal)
o_DIS4_2_.AP = LFTPB_Q.Q ; (1 pterm, 1 signal)

o_DIS4_3_.D = !STEP1B_outDISP_17_.Q ; (1 pterm, 1 signal)
o_DIS4_3_.C = FDIVBY4_clk_out.Q ; (1 pterm, 1 signal)
o_DIS4_3_.AP = LFTPB_Q.Q ; (1 pterm, 1 signal)

o_DIS4_4_.D = !STEP1B_outDISP_18_.Q ; (1 pterm, 1 signal)
o_DIS4_4_.C = FDIVBY4_clk_out.Q ; (1 pterm, 1 signal)
o_DIS4_4_.AP = LFTPB_Q.Q ; (1 pterm, 1 signal)

o_DIS4_5_.D = !STEP1B_outDISP_19_.Q ; (1 pterm, 1 signal)
o_DIS4_5_.C = FDIVBY4_clk_out.Q ; (1 pterm, 1 signal)
o_DIS4_5_.AP = LFTPB_Q.Q ; (1 pterm, 1 signal)

o_DIS4_6_.D = !STEP1B_outDISP_20_.Q ; (1 pterm, 1 signal)
o_DIS4_6_.C = FDIVBY4_clk_out.Q ; (1 pterm, 1 signal)
o_DIS4_6_.AP = LFTPB_Q.Q ; (1 pterm, 1 signal)

o_JUMBO_0_ = !( FDIVBY2_clk_out.Q & STEP5_next_qstate_3_.Q
       & STEP5_next_qstate_0_.Q & !STEP5_next_qstate_1_.Q
       & !STEP5_next_qstate_2_.Q ) ; (1 pterm, 5 signals)

o_JUMBO_1_ = !STEP5_next_qstate_0_.Q & !STEP5_next_qstate_1_.Q
       & !STEP5_next_qstate_2_.Q
    # STEP5_next_qstate_3_.Q & !STEP5_next_qstate_1_.Q
       & !STEP5_next_qstate_2_.Q ; (2 pterms, 4 signals)

o_JUMBO_2_ = !( STEP5_next_qstate_3_.Q & !STEP5_next_qstate_0_.Q
       & !STEP5_next_qstate_1_.Q & !STEP5_next_qstate_2_.Q ) ; (1 pterm, 4 signals)

o_LED_YELLOW_0_.D = 0 ; (0 pterm, 0 signal)
o_LED_YELLOW_0_.C = !i_S1_NO ; (1 pterm, 1 signal)
o_LED_YELLOW_0_.AR = !i_S1_NO ; (1 pterm, 1 signal)
o_LED_YELLOW_0_.AP = !i_S1_NC ; (1 pterm, 1 signal)

o_LED_YELLOW_1_.D = 0 ; (0 pterm, 0 signal)
o_LED_YELLOW_1_.C = !i_S2_NO ; (1 pterm, 1 signal)
o_LED_YELLOW_1_.AR = !i_S2_NO ; (1 pterm, 1 signal)
o_LED_YELLOW_1_.AP = !i_S2_NC ; (1 pterm, 1 signal)

o_MIDRED_0_.D = !( !STEP5_outEN.Q & !STEP2_next_count_state_0_.Q
       & !STEP2_next_count_state_1_.Q & !STEP2_next_count_state_2_.Q
    # STEP5_outEN.Q & STEP2_next_count_state_0_.Q
       & STEP2_next_count_state_1_.Q & STEP2_next_count_state_2_.Q
    # STEP5_next_qstate_3_.Q & !STEP5_next_qstate_1_.Q
       & !STEP5_next_qstate_2_.Q ) ; (3 pterms, 7 signals)
o_MIDRED_0_.C = RGTPB_Q.Q ; (1 pterm, 1 signal)
o_MIDRED_0_.AR = LFTPB_Q.Q ; (1 pterm, 1 signal)

o_MIDRED_1_.D = STEP5_next_qstate_3_.Q & !STEP5_next_qstate_1_.Q
       & !STEP5_next_qstate_2_.Q
    # !STEP5_outEN.Q & !STEP2_next_count_state_0_.Q
    # STEP5_outEN.Q & STEP2_next_count_state_0_.Q
    # STEP2_next_count_state_2_.Q
    # STEP2_next_count_state_1_.Q ; (5 pterms, 7 signals)
o_MIDRED_1_.C = RGTPB_Q.Q ; (1 pterm, 1 signal)
o_MIDRED_1_.AR = LFTPB_Q.Q ; (1 pterm, 1 signal)

o_MIDRED_2_.D = !STEP2_next_count_state_0_.Q & !STEP2_next_count_state_1_.Q
    # STEP5_outEN.Q & STEP2_next_count_state_1_.Q
    # !STEP5_outEN.Q & STEP2_next_count_state_0_.Q
    # STEP5_next_qstate_3_.Q & !STEP5_next_qstate_1_.Q
       & !STEP5_next_qstate_2_.Q
    # STEP2_next_count_state_2_.Q ; (5 pterms, 7 signals)
o_MIDRED_2_.C = RGTPB_Q.Q ; (1 pterm, 1 signal)
o_MIDRED_2_.AP = LFTPB_Q.Q ; (1 pterm, 1 signal)

o_MIDRED_3_.D = STEP5_next_qstate_3_.Q & !STEP5_next_qstate_1_.Q
       & !STEP5_next_qstate_2_.Q
    # !STEP5_outEN.Q & !STEP2_next_count_state_0_.Q
    # STEP5_outEN.Q & STEP2_next_count_state_0_.Q
    # STEP2_next_count_state_2_.Q
    # !STEP2_next_count_state_1_.Q ; (5 pterms, 7 signals)
o_MIDRED_3_.C = RGTPB_Q.Q ; (1 pterm, 1 signal)
o_MIDRED_3_.AR = LFTPB_Q.Q ; (1 pterm, 1 signal)

o_MIDRED_4_.D = !STEP2_next_count_state_1_.Q & !STEP2_next_count_state_2_.Q
    # STEP5_outEN.Q & STEP2_next_count_state_2_.Q
    # !STEP2_next_count_state_0_.Q & STEP2_next_count_state_1_.Q
    # !STEP5_outEN.Q & STEP2_next_count_state_0_.Q
    # STEP5_next_qstate_3_.Q & !STEP5_next_qstate_1_.Q
       & !STEP5_next_qstate_2_.Q ; (5 pterms, 7 signals)
o_MIDRED_4_.C = RGTPB_Q.Q ; (1 pterm, 1 signal)
o_MIDRED_4_.AP = LFTPB_Q.Q ; (1 pterm, 1 signal)

o_MIDRED_5_.D = STEP5_next_qstate_3_.Q & !STEP5_next_qstate_1_.Q
       & !STEP5_next_qstate_2_.Q
    # !STEP5_outEN.Q & !STEP2_next_count_state_0_.Q
    # STEP5_outEN.Q & STEP2_next_count_state_0_.Q
    # !STEP2_next_count_state_2_.Q
    # STEP2_next_count_state_1_.Q ; (5 pterms, 7 signals)
o_MIDRED_5_.C = RGTPB_Q.Q ; (1 pterm, 1 signal)
o_MIDRED_5_.AR = LFTPB_Q.Q ; (1 pterm, 1 signal)

o_MIDRED_6_.D = !STEP2_next_count_state_0_.Q & !STEP2_next_count_state_1_.Q
    # STEP5_outEN.Q & STEP2_next_count_state_1_.Q
    # !STEP5_outEN.Q & STEP2_next_count_state_0_.Q
    # STEP5_next_qstate_3_.Q & !STEP5_next_qstate_1_.Q
       & !STEP5_next_qstate_2_.Q
    # !STEP2_next_count_state_2_.Q ; (5 pterms, 7 signals)
o_MIDRED_6_.C = RGTPB_Q.Q ; (1 pterm, 1 signal)
o_MIDRED_6_.AP = LFTPB_Q.Q ; (1 pterm, 1 signal)

o_MIDRED_7_.D = STEP5_next_qstate_3_.Q & !STEP5_next_qstate_1_.Q
       & !STEP5_next_qstate_2_.Q
    # !STEP5_outEN.Q & !STEP2_next_count_state_0_.Q
    # STEP5_outEN.Q & STEP2_next_count_state_0_.Q
    # !STEP2_next_count_state_2_.Q
    # !STEP2_next_count_state_1_.Q ; (5 pterms, 7 signals)
o_MIDRED_7_.C = RGTPB_Q.Q ; (1 pterm, 1 signal)
o_MIDRED_7_.AR = LFTPB_Q.Q ; (1 pterm, 1 signal)

o_TOPRED_0_ = !( DIP_5_ & STEP3_qcombo_0_.Q ) ; (1 pterm, 2 signals)

o_TOPRED_1_ = !( DIP_5_ & STEP3_qcombo_1_.Q ) ; (1 pterm, 2 signals)

o_TOPRED_2_ = !( DIP_5_ & STEP3_qcombo_2_.Q ) ; (1 pterm, 2 signals)

o_TOPRED_3_ = !( DIP_5_ & STEP3_qcombo_3_.Q ) ; (1 pterm, 2 signals)

o_TOPRED_4_ = !( DIP_5_ & STEP3_qcombo_4_.Q ) ; (1 pterm, 2 signals)

o_TOPRED_5_ = !( DIP_5_ & STEP3_qcombo_5_.Q ) ; (1 pterm, 2 signals)

o_TOPRED_6_ = !( DIP_5_ & STEP3_qcombo_6_.Q ) ; (1 pterm, 2 signals)

o_TOPRED_7_ = !( DIP_5_ & STEP3_qcombo_7_.Q ) ; (1 pterm, 2 signals)

step1a_outchar14_m_6_i_n = !( STEP1A_CQ_0_.Q & !STEP1A_CQ_3_.Q
       & !STEP1A_CQ_1_.Q & STEP1A_CQ_2_.Q ) ; (1 pterm, 4 signals)

step1a_un1_cq_23_m_i_0_n = !( !STEP1A_CQ_0_.Q & !STEP1A_CQ_3_.Q
       & STEP1A_CQ_4_.Q
    # !STEP1A_CQ_3_.Q & STEP1A_CQ_4_.Q & !STEP1A_CQ_1_.Q ) ; (2 pterms, 4 signals)

step1a_un1_cq_25_m_i_n = !( STEP1A_CQ_0_.Q & !STEP1A_CQ_3_.Q & STEP1A_CQ_1_.Q
       & STEP1A_CQ_2_.Q
    # STEP1A_CQ_3_.Q & !STEP1A_CQ_1_.Q & STEP1A_CQ_2_.Q ) ; (2 pterms, 4 signals)

step1a_un1_cq_28_n = !STEP1A_CQ_0_.Q & STEP1A_CQ_3_.Q & STEP1A_CQ_1_.Q
       & !STEP1A_CQ_2_.Q
    # !STEP1A_CQ_0_.Q & !STEP1A_CQ_3_.Q & STEP1A_CQ_1_.Q & STEP1A_CQ_2_.Q ; (2 pterms, 4 signals)

step1a_un1_cq_30_0_1_n = !( STEP1A_CQ_3_.Q & !STEP1A_CQ_1_.Q & STEP1A_CQ_2_.Q
    # !STEP1A_CQ_3_.Q & STEP1A_CQ_1_.Q & STEP1A_CQ_2_.Q ) ; (2 pterms, 3 signals)

step1a_un1_cq_31_1_i_n = !( STEP1A_CQ_0_.Q & STEP1A_CQ_3_.Q & !STEP1A_CQ_4_.Q
       & !STEP1A_CQ_2_.Q
    # !step1a_un1_cq_23_m_i_0_n ) ; (2 pterms, 5 signals)

step1a_un1_cq_32_0_n = step1a_un1_cq_23_m_i_0_n & !STEP1A_CQ_0_.Q
       & !STEP1A_CQ_3_.Q & !STEP1A_CQ_1_.Q
    # step1a_un1_cq_23_m_i_0_n & STEP1A_CQ_3_.Q & STEP1A_CQ_1_.Q
       & STEP1A_CQ_2_.Q
    # step1a_un1_cq_23_m_i_0_n & !STEP1A_CQ_0_.Q & !STEP1A_CQ_1_.Q
       & !STEP1A_CQ_2_.Q
    # step1a_un1_cq_23_m_i_0_n & STEP1A_CQ_4_.Q & !STEP1A_CQ_2_.Q
    # step1a_un1_cq_23_m_i_0_n & !STEP1A_CQ_3_.Q & !STEP1A_CQ_2_.Q ; (5 pterms, 6 signals)

step1a_un1_cq_33_0_1_n = !( STEP1A_CQ_0_.Q & !STEP1A_CQ_3_.Q & STEP1A_CQ_4_.Q
       & !STEP1A_CQ_1_.Q
    # !STEP1A_CQ_0_.Q & !STEP1A_CQ_3_.Q & STEP1A_CQ_1_.Q & STEP1A_CQ_2_.Q ) ; (2 pterms, 5 signals)

step1a_un1_cq_35_0_2_n = !( STEP1A_CQ_0_.Q & STEP1A_CQ_3_.Q & !STEP1A_CQ_4_.Q
       & !STEP1A_CQ_1_.Q & !STEP1A_CQ_2_.Q
    # step1a_un1_outchar14_2_n ) ; (2 pterms, 6 signals)

step1a_un1_cq_36_0_1_n = !( !STEP1A_CQ_0_.Q & STEP1A_CQ_3_.Q & !STEP1A_CQ_4_.Q
       & STEP1A_CQ_1_.Q & !STEP1A_CQ_2_.Q
    # STEP1A_CQ_0_.Q & STEP1A_CQ_4_.Q & !STEP1A_CQ_1_.Q & STEP1A_CQ_2_.Q ) ; (2 pterms, 5 signals)

step1a_un1_cq_inv_12_n = !STEP1A_CQ_0_.Q & !STEP1A_CQ_3_.Q & !STEP1A_CQ_4_.Q
       & !STEP1A_CQ_1_.Q
    # STEP1A_CQ_3_.Q & STEP1A_CQ_1_.Q & STEP1A_CQ_2_.Q
    # !STEP1A_CQ_0_.Q & !STEP1A_CQ_4_.Q & !STEP1A_CQ_1_.Q & !STEP1A_CQ_2_.Q
    # !STEP1A_CQ_3_.Q & !STEP1A_CQ_4_.Q & !STEP1A_CQ_2_.Q ; (4 pterms, 5 signals)

step1a_un1_outchar14_1_m_n = STEP1A_CQ_0_.Q & !STEP1A_CQ_3_.Q & STEP1A_CQ_1_.Q
       & STEP1A_CQ_2_.Q
    # STEP1A_CQ_3_.Q & !STEP1A_CQ_1_.Q & STEP1A_CQ_2_.Q
    # STEP1A_CQ_2_.Q & !step1a_outchar14_m_6_i_n ; (3 pterms, 5 signals)

step1a_un1_outchar14_2_n = !STEP1A_CQ_0_.Q & !STEP1A_CQ_3_.Q & STEP1A_CQ_1_.Q
       & STEP1A_CQ_2_.Q
    # STEP1A_CQ_2_.Q & !step1a_outchar14_m_6_i_n ; (2 pterms, 5 signals)

step5_un1_arst_1_n = !( !DIP_6_ & !LFTPB_Q.Q ) ; (1 pterm, 2 signals)




