Running in Lattice mode


Starting:    C:\ispLEVER_Classic1_7\synpbase\win64\mbin\synbatch.exe
Install:     C:\ispLEVER_Classic1_7\synpbase
Date:        Thu Mar 21 15:29:05 2019
Version:     G-2012.09LC-SP1 

Arguments:   -product synplify_pro  -batch w:/ecn.data/desktop/lab9\lab9_top.prj
ProductType: synplify_pro






log file: "W:\ecn.data\desktop\lab9\lab9_top.srr"

Running lab9_top|lab9
Running Compile on lab9_top|lab9
Running Compile Process on lab9_top|lab9
Running Compile Input on lab9_top|lab9
Copied W:\ecn.data\desktop\lab9\synwork\lab9_top_compiler.srs to W:\ecn.data\desktop\lab9\lab9_top.srs
compiler Completed with warnings
Return Code: 1
Run Time:0h:00m:01s

Copied W:\ecn.data\desktop\lab9\lab9_top.srr to W:\ecn.data\desktop\lab9\lab9_top.srf
Job Compile Process completed on lab9_top|lab9
Job Compile completed on lab9_top|lab9
Running Map on lab9_top|lab9
Running Map & Optimize on lab9_top|lab9
fpga_mapper Completed with warnings
Return Code: 1
Run Time:0h:00m:01s

Job Map completed on lab9_top|lab9
Copied W:\ecn.data\desktop\lab9\lab9_top.srr to W:\ecn.data\desktop\lab9\lab9_top.srf
Job Logic Synthesis completed on lab9_top|lab9


exit status=0


